#
# There is insufficient memory for the Java Runtime Environment to continue.
# Native memory allocation (malloc) failed to allocate 672864 bytes for Chunk::new
# Possible reasons:
#   The system is out of physical RAM or swap space
#   The process is running with CompressedOops enabled, and the Java Heap may be blocking the growth of the native heap
# Possible solutions:
#   Reduce memory load on the system
#   Increase physical memory or swap space
#   Check if swap backing store is full
#   Decrease Java heap size (-Xmx/-Xms)
#   Decrease number of Java threads
#   Decrease Java thread stack sizes (-Xss)
#   Set larger code cache with -XX:ReservedCodeCacheSize=
#   JVM is running with Unscaled Compressed Oops mode in which the Java heap is
#     placed in the first 4GB address space. The Java Heap base address is the
#     maximum limit for the native heap growth. Please use -XX:HeapBaseMinAddress
#     to set the Java Heap base and to place the Java Heap above 4GB virtual address.
# This output file may be truncated or incomplete.
#
#  Out of Memory Error (arena.cpp:191), pid=23616, tid=7044
#
# JRE version: OpenJDK Runtime Environment Corretto-17.0.10.7.1 (17.0.10+7) (build 17.0.10+7-LTS)
# Java VM: OpenJDK 64-Bit Server VM Corretto-17.0.10.7.1 (17.0.10+7-LTS, mixed mode, sharing, tiered, compressed oops, compressed class ptrs, g1 gc, windows-amd64)
# No core dump will be written. Minidumps are not enabled by default on client versions of Windows
#

---------------  S U M M A R Y ------------

Command Line: --add-opens=java.base/java.util=ALL-UNNAMED --add-opens=java.base/java.lang=ALL-UNNAMED --add-opens=java.base/java.lang.invoke=ALL-UNNAMED --add-opens=java.prefs/java.util.prefs=ALL-UNNAMED --add-opens=java.base/java.nio.charset=ALL-UNNAMED --add-opens=java.base/java.net=ALL-UNNAMED --add-opens=java.base/java.util.concurrent.atomic=ALL-UNNAMED -XX:MaxMetaspaceSize=384m -XX:+HeapDumpOnOutOfMemoryError -Xms256m -Xmx512m -Dfile.encoding=UTF-8 -Duser.country=KR -Duser.language=ko -Duser.variant -javaagent:C:\Users\Rencal\.gradle\wrapper\dists\gradle-8.4-bin\1w5dpkrfk8irigvoxmyhowfim\gradle-8.4\lib\agents\gradle-instrumentation-agent-8.4.jar org.gradle.launcher.daemon.bootstrap.GradleDaemon 8.4

Host: Intel(R) Core(TM) i5-10210U CPU @ 1.60GHz, 8 cores, 15G,  Windows 11 , 64 bit Build 22621 (10.0.22621.3646)
Time: Thu Jul 11 20:20:15 2024  Windows 11 , 64 bit Build 22621 (10.0.22621.3646) elapsed time: 16.223423 seconds (0d 0h 0m 16s)

---------------  T H R E A D  ---------------

Current thread (0x000001c16f23a920):  JavaThread "C2 CompilerThread2" daemon [_thread_in_native, id=7044, stack(0x000000194ad00000,0x000000194ae00000)]


Current CompileTask:
C2:  16223 5094       4       java.lang.PublicMethods::merge (81 bytes)

Stack: [0x000000194ad00000,0x000000194ae00000]
Native frames: (J=compiled Java code, j=interpreted, Vv=VM code, C=native code)
V  [jvm.dll+0x67d2c9]
V  [jvm.dll+0x834b1a]
V  [jvm.dll+0x8365de]
V  [jvm.dll+0x836c43]
V  [jvm.dll+0x2477ff]
V  [jvm.dll+0xac514]
V  [jvm.dll+0xacb5c]
V  [jvm.dll+0x3667d7]
V  [jvm.dll+0x330bfa]
V  [jvm.dll+0x33009a]
V  [jvm.dll+0x219ef1]
V  [jvm.dll+0x219311]
V  [jvm.dll+0x1a502d]
V  [jvm.dll+0x2290de]
V  [jvm.dll+0x2272ac]
V  [jvm.dll+0x7e9bd7]
V  [jvm.dll+0x7e3fda]
V  [jvm.dll+0x67c1b5]
C  [ucrtbase.dll+0x29333]
C  [KERNEL32.DLL+0x1257d]
C  [ntdll.dll+0x5af28]


---------------  P R O C E S S  ---------------

Threads class SMR info:
_java_thread_list=0x000001c16e1a1be0, length=53, elements={
0x000001c136d9e100, 0x000001c151900ab0, 0x000001c1519020d0, 0x000001c1519140f0,
0x000001c151914cb0, 0x000001c151915670, 0x000001c151916030, 0x000001c151917d30,
0x000001c151a228e0, 0x000001c151a28200, 0x000001c151a71090, 0x000001c151bfe4e0,
0x000001c16c42d8d0, 0x000001c16c34cb40, 0x000001c16c6acc70, 0x000001c16cb74f90,
0x000001c16c530470, 0x000001c16c6a02b0, 0x000001c16b8efa40, 0x000001c16c7a06c0,
0x000001c16c7a10e0, 0x000001c16c79e350, 0x000001c16c7a15f0, 0x000001c16c7a1b00,
0x000001c16c79f790, 0x000001c16c7a01b0, 0x000001c16ce2cfe0, 0x000001c16ce28900,
0x000001c16ce2cad0, 0x000001c16ce2a250, 0x000001c16ce2a760, 0x000001c16ce2ac70,
0x000001c16ce2b180, 0x000001c16dd3e960, 0x000001c16ce274c0, 0x000001c16ce2bba0,
0x000001c16ce29830, 0x000001c16ce27ee0, 0x000001c16ce2e420, 0x000001c16ce283f0,
0x000001c16ce2d4f0, 0x000001c16ce26fb0, 0x000001c16ce29d40, 0x000001c16f23a920,
0x000001c16ce2c5c0, 0x000001c16ce2da00, 0x000001c16c944d70, 0x000001c16c945ca0,
0x000001c16c945790, 0x000001c16c948f40, 0x000001c16c949450, 0x000001c16c9461b0,
0x000001c16c946bd0
}

Java Threads: ( => current thread )
  0x000001c136d9e100 JavaThread "main" [_thread_blocked, id=25744, stack(0x0000001946d00000,0x0000001946e00000)]
  0x000001c151900ab0 JavaThread "Reference Handler" daemon [_thread_blocked, id=24496, stack(0x0000001947400000,0x0000001947500000)]
  0x000001c1519020d0 JavaThread "Finalizer" daemon [_thread_blocked, id=10364, stack(0x0000001947500000,0x0000001947600000)]
  0x000001c1519140f0 JavaThread "Signal Dispatcher" daemon [_thread_blocked, id=17832, stack(0x0000001947600000,0x0000001947700000)]
  0x000001c151914cb0 JavaThread "Attach Listener" daemon [_thread_blocked, id=4112, stack(0x0000001947700000,0x0000001947800000)]
  0x000001c151915670 JavaThread "Service Thread" daemon [_thread_blocked, id=920, stack(0x0000001947800000,0x0000001947900000)]
  0x000001c151916030 JavaThread "Monitor Deflation Thread" daemon [_thread_blocked, id=17124, stack(0x0000001947900000,0x0000001947a00000)]
  0x000001c151917d30 JavaThread "C2 CompilerThread0" daemon [_thread_in_native, id=14516, stack(0x0000001947a00000,0x0000001947b00000)]
  0x000001c151a228e0 JavaThread "C1 CompilerThread0" daemon [_thread_blocked, id=1912, stack(0x0000001947b00000,0x0000001947c00000)]
  0x000001c151a28200 JavaThread "Sweeper thread" daemon [_thread_blocked, id=14424, stack(0x0000001947c00000,0x0000001947d00000)]
  0x000001c151a71090 JavaThread "Common-Cleaner" daemon [_thread_blocked, id=22044, stack(0x0000001947d00000,0x0000001947e00000)]
  0x000001c151bfe4e0 JavaThread "Notification Thread" daemon [_thread_blocked, id=15472, stack(0x0000001947e00000,0x0000001947f00000)]
  0x000001c16c42d8d0 JavaThread "Daemon health stats" [_thread_blocked, id=21864, stack(0x0000001948600000,0x0000001948700000)]
  0x000001c16c34cb40 JavaThread "Incoming local TCP Connector on port 59627" [_thread_in_native, id=26416, stack(0x0000001948500000,0x0000001948600000)]
  0x000001c16c6acc70 JavaThread "Daemon periodic checks" [_thread_blocked, id=15132, stack(0x0000001948700000,0x0000001948800000)]
  0x000001c16cb74f90 JavaThread "Daemon" [_thread_blocked, id=21776, stack(0x0000001948900000,0x0000001948a00000)]
  0x000001c16c530470 JavaThread "Handler for socket connection from /127.0.0.1:59627 to /127.0.0.1:59628" [_thread_in_native, id=6164, stack(0x0000001948a00000,0x0000001948b00000)]
  0x000001c16c6a02b0 JavaThread "Cancel handler" [_thread_blocked, id=24876, stack(0x0000001948b00000,0x0000001948c00000)]
  0x000001c16b8efa40 JavaThread "Daemon worker" [_thread_in_Java, id=18224, stack(0x0000001948c00000,0x0000001948d00000)]
  0x000001c16c7a06c0 JavaThread "Asynchronous log dispatcher for DefaultDaemonConnection: socket connection from /127.0.0.1:59627 to /127.0.0.1:59628" [_thread_blocked, id=12408, stack(0x0000001948d00000,0x0000001948e00000)]
  0x000001c16c7a10e0 JavaThread "Stdin handler" [_thread_blocked, id=14332, stack(0x0000001948e00000,0x0000001948f00000)]
  0x000001c16c79e350 JavaThread "Daemon client event forwarder" [_thread_blocked, id=12664, stack(0x0000001948f00000,0x0000001949000000)]
  0x000001c16c7a15f0 JavaThread "Cache worker for journal cache (C:\Users\Rencal\.gradle\caches\journal-1)" [_thread_blocked, id=8384, stack(0x0000001949000000,0x0000001949100000)]
  0x000001c16c7a1b00 JavaThread "File lock request listener" [_thread_in_native, id=8152, stack(0x0000001949100000,0x0000001949200000)]
  0x000001c16c79f790 JavaThread "Cache worker for file hash cache (C:\Users\Rencal\.gradle\caches\8.4\fileHashes)" [_thread_blocked, id=24308, stack(0x0000001949300000,0x0000001949400000)]
  0x000001c16c7a01b0 JavaThread "File watcher server" daemon [_thread_in_native, id=3432, stack(0x0000001949400000,0x0000001949500000)]
  0x000001c16ce2cfe0 JavaThread "File watcher consumer" daemon [_thread_blocked, id=5720, stack(0x0000001949500000,0x0000001949600000)]
  0x000001c16ce28900 JavaThread "Cache worker for checksums cache (C:\Users\Rencal\IdeaProjects\2NY-Backend\.gradle\8.4\checksums)" [_thread_blocked, id=18096, stack(0x0000001949900000,0x0000001949a00000)]
  0x000001c16ce2cad0 JavaThread "Cache worker for file hash cache (C:\Users\Rencal\IdeaProjects\2NY-Backend\.gradle\8.4\fileHashes)" [_thread_blocked, id=6792, stack(0x0000001949200000,0x0000001949300000)]
  0x000001c16ce2a250 JavaThread "Cache worker for cache directory md-supplier (C:\Users\Rencal\.gradle\caches\8.4\md-supplier)" [_thread_blocked, id=18756, stack(0x0000001949a00000,0x0000001949b00000)]
  0x000001c16ce2a760 JavaThread "Cache worker for file content cache (C:\Users\Rencal\.gradle\caches\8.4\fileContent)" [_thread_blocked, id=23148, stack(0x0000001949b00000,0x0000001949c00000)]
  0x000001c16ce2ac70 JavaThread "Cache worker for cache directory md-rule (C:\Users\Rencal\.gradle\caches\8.4\md-rule)" [_thread_blocked, id=22720, stack(0x0000001949c00000,0x0000001949d00000)]
  0x000001c16ce2b180 JavaThread "Cache worker for execution history cache (C:\Users\Rencal\.gradle\caches\8.4\executionHistory)" [_thread_blocked, id=20852, stack(0x0000001949d00000,0x0000001949e00000)]
  0x000001c16dd3e960 JavaThread "C2 CompilerThread1" daemon [_thread_in_native, id=22064, stack(0x0000001949e00000,0x0000001949f00000)]
  0x000001c16ce274c0 JavaThread "jar transforms" [_thread_blocked, id=25336, stack(0x0000001949f00000,0x000000194a000000)]
  0x000001c16ce2bba0 JavaThread "jar transforms Thread 2" [_thread_blocked, id=16752, stack(0x000000194a000000,0x000000194a100000)]
  0x000001c16ce29830 JavaThread "jar transforms Thread 3" [_thread_blocked, id=17344, stack(0x000000194a100000,0x000000194a200000)]
  0x000001c16ce27ee0 JavaThread "jar transforms Thread 4" [_thread_blocked, id=336, stack(0x000000194a200000,0x000000194a300000)]
  0x000001c16ce2e420 JavaThread "jar transforms Thread 5" [_thread_blocked, id=19884, stack(0x000000194a300000,0x000000194a400000)]
  0x000001c16ce283f0 JavaThread "jar transforms Thread 6" [_thread_blocked, id=18000, stack(0x000000194a400000,0x000000194a500000)]
  0x000001c16ce2d4f0 JavaThread "Cache worker for dependencies-accessors (C:\Users\Rencal\IdeaProjects\2NY-Backend\.gradle\8.4\dependencies-accessors)" [_thread_blocked, id=7104, stack(0x000000194a600000,0x000000194a700000)]
  0x000001c16ce26fb0 JavaThread "jar transforms Thread 7" [_thread_blocked, id=25292, stack(0x000000194a500000,0x000000194a600000)]
  0x000001c16ce29d40 JavaThread "Cache worker for Build Output Cleanup Cache (C:\Users\Rencal\IdeaProjects\2NY-Backend\.gradle\buildOutputCleanup)" [_thread_blocked, id=4264, stack(0x000000194ac00000,0x000000194ad00000)]
=>0x000001c16f23a920 JavaThread "C2 CompilerThread2" daemon [_thread_in_native, id=7044, stack(0x000000194ad00000,0x000000194ae00000)]
  0x000001c16ce2c5c0 JavaThread "Unconstrained build operations" [_thread_blocked, id=5628, stack(0x000000194ae00000,0x000000194af00000)]
  0x000001c16ce2da00 JavaThread "Unconstrained build operations Thread 2" [_thread_blocked, id=22960, stack(0x000000194af00000,0x000000194b000000)]
  0x000001c16c944d70 JavaThread "Unconstrained build operations Thread 3" [_thread_blocked, id=1648, stack(0x000000194b000000,0x000000194b100000)]
  0x000001c16c945ca0 JavaThread "Unconstrained build operations Thread 4" [_thread_blocked, id=24976, stack(0x000000194b100000,0x000000194b200000)]
  0x000001c16c945790 JavaThread "Unconstrained build operations Thread 5" [_thread_blocked, id=5296, stack(0x000000194b200000,0x000000194b300000)]
  0x000001c16c948f40 JavaThread "Unconstrained build operations Thread 6" [_thread_blocked, id=18636, stack(0x000000194b300000,0x000000194b400000)]
  0x000001c16c949450 JavaThread "Unconstrained build operations Thread 7" [_thread_blocked, id=26268, stack(0x000000194b400000,0x000000194b500000)]
  0x000001c16c9461b0 JavaThread "jar transforms Thread 8" [_thread_blocked, id=24992, stack(0x000000194b500000,0x000000194b600000)]
  0x000001c16c946bd0 JavaThread "Memory manager" [_thread_blocked, id=5972, stack(0x000000194b600000,0x000000194b700000)]

Other Threads:
  0x000001c1518fb660 VMThread "VM Thread" [stack: 0x0000001947300000,0x0000001947400000] [id=4856]
  0x000001c151bfe9c0 WatcherThread [stack: 0x0000001947f00000,0x0000001948000000] [id=26244]
  0x000001c136dcb770 GCTaskThread "GC Thread#0" [stack: 0x0000001946e00000,0x0000001946f00000] [id=14564]
  0x000001c16ba444a0 GCTaskThread "GC Thread#1" [stack: 0x0000001948000000,0x0000001948100000] [id=18748]
  0x000001c16b9f7170 GCTaskThread "GC Thread#2" [stack: 0x0000001948100000,0x0000001948200000] [id=12512]
  0x000001c16b9f7430 GCTaskThread "GC Thread#3" [stack: 0x0000001948200000,0x0000001948300000] [id=5340]
  0x000001c16bd07e30 GCTaskThread "GC Thread#4" [stack: 0x0000001948300000,0x0000001948400000] [id=23716]
  0x000001c16bd080f0 GCTaskThread "GC Thread#5" [stack: 0x0000001948400000,0x0000001948500000] [id=8724]
  0x000001c16e56ec60 GCTaskThread "GC Thread#6" [stack: 0x0000001949600000,0x0000001949700000] [id=21440]
  0x000001c16c2f5c30 GCTaskThread "GC Thread#7" [stack: 0x0000001949700000,0x0000001949800000] [id=9628]
  0x000001c136dd06c0 ConcurrentGCThread "G1 Main Marker" [stack: 0x0000001946f00000,0x0000001947000000] [id=18668]
  0x000001c136dd10e0 ConcurrentGCThread "G1 Conc#0" [stack: 0x0000001947000000,0x0000001947100000] [id=2688]
  0x000001c16e6d66e0 ConcurrentGCThread "G1 Conc#1" [stack: 0x0000001949800000,0x0000001949900000] [id=720]
  0x000001c136e4d640 ConcurrentGCThread "G1 Refine#0" [stack: 0x0000001947100000,0x0000001947200000] [id=9952]
  0x000001c16b9721c0 ConcurrentGCThread "G1 Refine#1" [stack: 0x000000194a700000,0x000000194a800000] [id=19964]
  0x000001c16f484840 ConcurrentGCThread "G1 Refine#2" [stack: 0x000000194a800000,0x000000194a900000] [id=26420]
  0x000001c16d7183d0 ConcurrentGCThread "G1 Refine#3" [stack: 0x000000194a900000,0x000000194aa00000] [id=12968]
  0x000001c16be0ca70 ConcurrentGCThread "G1 Refine#4" [stack: 0x000000194aa00000,0x000000194ab00000] [id=17984]
  0x000001c16f371600 ConcurrentGCThread "G1 Refine#5" [stack: 0x000000194ab00000,0x000000194ac00000] [id=20596]
  0x000001c136e4e070 ConcurrentGCThread "G1 Service" [stack: 0x0000001947200000,0x0000001947300000] [id=14856]

Threads with active compile tasks:
C2 CompilerThread0    16266 5144       4       com.sun.beans.introspect.MethodInfo$MethodOrder::compare (145 bytes)
C1 CompilerThread0    16266 5162       2       org.codehaus.groovy.runtime.metaclass.MetaMethodIndex::addMethodToList (128 bytes)
C2 CompilerThread1    16266 5100       4       java.lang.Class::getMethodsRecursive (99 bytes)
C2 CompilerThread2    16266 5094       4       java.lang.PublicMethods::merge (81 bytes)

VM state: not at safepoint (normal execution)

VM Mutex/Monitor currently owned by a thread: None

Heap address: 0x00000000e0000000, size: 512 MB, Compressed Oops mode: 32-bit

CDS archive(s) mapped at: [0x000001c152000000-0x000001c152bb0000-0x000001c152bb0000), size 12255232, SharedBaseAddress: 0x000001c152000000, ArchiveRelocationMode: 1.
Compressed class space mapped at: 0x000001c153000000-0x000001c167000000, reserved size: 335544320
Narrow klass base: 0x000001c152000000, Narrow klass shift: 0, Narrow klass range: 0x100000000

GC Precious Log:
 CPUs: 8 total, 8 available
 Memory: 16182M
 Large Page Support: Disabled
 NUMA Support: Disabled
 Compressed Oops: Enabled (32-bit)
 Heap Region Size: 1M
 Heap Min Capacity: 256M
 Heap Initial Capacity: 256M
 Heap Max Capacity: 512M
 Pre-touch: Disabled
 Parallel Workers: 8
 Concurrent Workers: 2
 Concurrent Refinement Workers: 8
 Periodic GC: Disabled

Heap:
 garbage-first heap   total 262144K, used 140853K [0x00000000e0000000, 0x0000000100000000)
  region size 1024K, 108 young (110592K), 1 survivors (1024K)
 Metaspace       used 45908K, committed 46400K, reserved 393216K
  class space    used 6503K, committed 6720K, reserved 327680K

Heap Regions: E=young(eden), S=young(survivor), O=old, HS=humongous(starts), HC=humongous(continues), CS=collection set, F=free, OA=open archive, CA=closed archive, TAMS=top-at-mark-start (previous, next)
|   0|0x00000000e0000000, 0x00000000e0100000, 0x00000000e0100000|100%|HS|  |TAMS 0x00000000e0100000, 0x00000000e0000000| Complete 
|   1|0x00000000e0100000, 0x00000000e0200000, 0x00000000e0200000|100%|HC|  |TAMS 0x00000000e0200000, 0x00000000e0100000| Complete 
|   2|0x00000000e0200000, 0x00000000e0300000, 0x00000000e0300000|100%|HC|  |TAMS 0x00000000e0300000, 0x00000000e0200000| Complete 
|   3|0x00000000e0300000, 0x00000000e0400000, 0x00000000e0400000|100%|HC|  |TAMS 0x00000000e0400000, 0x00000000e0300000| Complete 
|   4|0x00000000e0400000, 0x00000000e0500000, 0x00000000e0500000|100%| O|  |TAMS 0x00000000e0500000, 0x00000000e0400000| Untracked 
|   5|0x00000000e0500000, 0x00000000e0600000, 0x00000000e0600000|100%| O|  |TAMS 0x00000000e0600000, 0x00000000e0500000| Untracked 
|   6|0x00000000e0600000, 0x00000000e0700000, 0x00000000e0700000|100%| O|  |TAMS 0x00000000e0700000, 0x00000000e0600000| Untracked 
|   7|0x00000000e0700000, 0x00000000e0800000, 0x00000000e0800000|100%|HS|  |TAMS 0x00000000e0700000, 0x00000000e0700000| Complete 
|   8|0x00000000e0800000, 0x00000000e0900000, 0x00000000e0900000|100%| O|  |TAMS 0x00000000e0900000, 0x00000000e0800000| Untracked 
|   9|0x00000000e0900000, 0x00000000e0a00000, 0x00000000e0a00000|100%| O|  |TAMS 0x00000000e0a00000, 0x00000000e0900000| Untracked 
|  10|0x00000000e0a00000, 0x00000000e0b00000, 0x00000000e0b00000|100%| O|  |TAMS 0x00000000e0b00000, 0x00000000e0a00000| Untracked 
|  11|0x00000000e0b00000, 0x00000000e0c00000, 0x00000000e0c00000|100%| O|  |TAMS 0x00000000e0c00000, 0x00000000e0b00000| Untracked 
|  12|0x00000000e0c00000, 0x00000000e0d00000, 0x00000000e0d00000|100%| O|  |TAMS 0x00000000e0d00000, 0x00000000e0c00000| Untracked 
|  13|0x00000000e0d00000, 0x00000000e0e00000, 0x00000000e0e00000|100%| O|  |TAMS 0x00000000e0e00000, 0x00000000e0d00000| Untracked 
|  14|0x00000000e0e00000, 0x00000000e0f00000, 0x00000000e0f00000|100%| O|  |TAMS 0x00000000e0f00000, 0x00000000e0e00000| Untracked 
|  15|0x00000000e0f00000, 0x00000000e1000000, 0x00000000e1000000|100%| O|  |TAMS 0x00000000e1000000, 0x00000000e0f00000| Untracked 
|  16|0x00000000e1000000, 0x00000000e1100000, 0x00000000e1100000|100%| O|  |TAMS 0x00000000e1100000, 0x00000000e1000000| Untracked 
|  17|0x00000000e1100000, 0x00000000e1200000, 0x00000000e1200000|100%| O|  |TAMS 0x00000000e1200000, 0x00000000e1100000| Untracked 
|  18|0x00000000e1200000, 0x00000000e1300000, 0x00000000e1300000|100%| O|  |TAMS 0x00000000e1300000, 0x00000000e1200000| Untracked 
|  19|0x00000000e1300000, 0x00000000e1400000, 0x00000000e1400000|100%| O|  |TAMS 0x00000000e1400000, 0x00000000e1300000| Untracked 
|  20|0x00000000e1400000, 0x00000000e1500000, 0x00000000e1500000|100%| O|  |TAMS 0x00000000e1500000, 0x00000000e1400000| Untracked 
|  21|0x00000000e1500000, 0x00000000e1600000, 0x00000000e1600000|100%| O|  |TAMS 0x00000000e1600000, 0x00000000e1500000| Untracked 
|  22|0x00000000e1600000, 0x00000000e1700000, 0x00000000e1700000|100%| O|  |TAMS 0x00000000e1700000, 0x00000000e1600000| Untracked 
|  23|0x00000000e1700000, 0x00000000e1800000, 0x00000000e1800000|100%| O|  |TAMS 0x00000000e1800000, 0x00000000e1700000| Untracked 
|  24|0x00000000e1800000, 0x00000000e1900000, 0x00000000e1900000|100%| O|  |TAMS 0x00000000e1900000, 0x00000000e1800000| Untracked 
|  25|0x00000000e1900000, 0x00000000e1a00000, 0x00000000e1a00000|100%| O|  |TAMS 0x00000000e1a00000, 0x00000000e1900000| Untracked 
|  26|0x00000000e1a00000, 0x00000000e1b00000, 0x00000000e1b00000|100%| O|  |TAMS 0x00000000e1b00000, 0x00000000e1a00000| Untracked 
|  27|0x00000000e1b00000, 0x00000000e1c00000, 0x00000000e1c00000|100%| O|  |TAMS 0x00000000e1c00000, 0x00000000e1b00000| Untracked 
|  28|0x00000000e1c00000, 0x00000000e1d00000, 0x00000000e1d00000|100%| O|  |TAMS 0x00000000e1d00000, 0x00000000e1c00000| Untracked 
|  29|0x00000000e1d00000, 0x00000000e1e00000, 0x00000000e1e00000|100%| O|  |TAMS 0x00000000e1e00000, 0x00000000e1d00000| Untracked 
|  30|0x00000000e1e00000, 0x00000000e1f00000, 0x00000000e1f00000|100%| O|  |TAMS 0x00000000e1f00000, 0x00000000e1e00000| Untracked 
|  31|0x00000000e1f00000, 0x00000000e1f21c00, 0x00000000e2000000| 13%| O|  |TAMS 0x00000000e1f21c00, 0x00000000e1f00000| Untracked 
|  32|0x00000000e2000000, 0x00000000e2100000, 0x00000000e2100000|100%|HS|  |TAMS 0x00000000e2000000, 0x00000000e2000000| Complete 
|  33|0x00000000e2100000, 0x00000000e2100000, 0x00000000e2200000|  0%| F|  |TAMS 0x00000000e2100000, 0x00000000e2100000| Untracked 
|  34|0x00000000e2200000, 0x00000000e2200000, 0x00000000e2300000|  0%| F|  |TAMS 0x00000000e2200000, 0x00000000e2200000| Untracked 
|  35|0x00000000e2300000, 0x00000000e2300000, 0x00000000e2400000|  0%| F|  |TAMS 0x00000000e2300000, 0x00000000e2300000| Untracked 
|  36|0x00000000e2400000, 0x00000000e2400000, 0x00000000e2500000|  0%| F|  |TAMS 0x00000000e2400000, 0x00000000e2400000| Untracked 
|  37|0x00000000e2500000, 0x00000000e2500000, 0x00000000e2600000|  0%| F|  |TAMS 0x00000000e2500000, 0x00000000e2500000| Untracked 
|  38|0x00000000e2600000, 0x00000000e2600000, 0x00000000e2700000|  0%| F|  |TAMS 0x00000000e2600000, 0x00000000e2600000| Untracked 
|  39|0x00000000e2700000, 0x00000000e2700000, 0x00000000e2800000|  0%| F|  |TAMS 0x00000000e2700000, 0x00000000e2700000| Untracked 
|  40|0x00000000e2800000, 0x00000000e2800000, 0x00000000e2900000|  0%| F|  |TAMS 0x00000000e2800000, 0x00000000e2800000| Untracked 
|  41|0x00000000e2900000, 0x00000000e2900000, 0x00000000e2a00000|  0%| F|  |TAMS 0x00000000e2900000, 0x00000000e2900000| Untracked 
|  42|0x00000000e2a00000, 0x00000000e2a00000, 0x00000000e2b00000|  0%| F|  |TAMS 0x00000000e2a00000, 0x00000000e2a00000| Untracked 
|  43|0x00000000e2b00000, 0x00000000e2b00000, 0x00000000e2c00000|  0%| F|  |TAMS 0x00000000e2b00000, 0x00000000e2b00000| Untracked 
|  44|0x00000000e2c00000, 0x00000000e2c00000, 0x00000000e2d00000|  0%| F|  |TAMS 0x00000000e2c00000, 0x00000000e2c00000| Untracked 
|  45|0x00000000e2d00000, 0x00000000e2d00000, 0x00000000e2e00000|  0%| F|  |TAMS 0x00000000e2d00000, 0x00000000e2d00000| Untracked 
|  46|0x00000000e2e00000, 0x00000000e2e00000, 0x00000000e2f00000|  0%| F|  |TAMS 0x00000000e2e00000, 0x00000000e2e00000| Untracked 
|  47|0x00000000e2f00000, 0x00000000e2f00000, 0x00000000e3000000|  0%| F|  |TAMS 0x00000000e2f00000, 0x00000000e2f00000| Untracked 
|  48|0x00000000e3000000, 0x00000000e3000000, 0x00000000e3100000|  0%| F|  |TAMS 0x00000000e3000000, 0x00000000e3000000| Untracked 
|  49|0x00000000e3100000, 0x00000000e3100000, 0x00000000e3200000|  0%| F|  |TAMS 0x00000000e3100000, 0x00000000e3100000| Untracked 
|  50|0x00000000e3200000, 0x00000000e3200000, 0x00000000e3300000|  0%| F|  |TAMS 0x00000000e3200000, 0x00000000e3200000| Untracked 
|  51|0x00000000e3300000, 0x00000000e3300000, 0x00000000e3400000|  0%| F|  |TAMS 0x00000000e3300000, 0x00000000e3300000| Untracked 
|  52|0x00000000e3400000, 0x00000000e3400000, 0x00000000e3500000|  0%| F|  |TAMS 0x00000000e3400000, 0x00000000e3400000| Untracked 
|  53|0x00000000e3500000, 0x00000000e3500000, 0x00000000e3600000|  0%| F|  |TAMS 0x00000000e3500000, 0x00000000e3500000| Untracked 
|  54|0x00000000e3600000, 0x00000000e3600000, 0x00000000e3700000|  0%| F|  |TAMS 0x00000000e3600000, 0x00000000e3600000| Untracked 
|  55|0x00000000e3700000, 0x00000000e3700000, 0x00000000e3800000|  0%| F|  |TAMS 0x00000000e3700000, 0x00000000e3700000| Untracked 
|  56|0x00000000e3800000, 0x00000000e3800000, 0x00000000e3900000|  0%| F|  |TAMS 0x00000000e3800000, 0x00000000e3800000| Untracked 
|  57|0x00000000e3900000, 0x00000000e3900000, 0x00000000e3a00000|  0%| F|  |TAMS 0x00000000e3900000, 0x00000000e3900000| Untracked 
|  58|0x00000000e3a00000, 0x00000000e3a00000, 0x00000000e3b00000|  0%| F|  |TAMS 0x00000000e3a00000, 0x00000000e3a00000| Untracked 
|  59|0x00000000e3b00000, 0x00000000e3b00000, 0x00000000e3c00000|  0%| F|  |TAMS 0x00000000e3b00000, 0x00000000e3b00000| Untracked 
|  60|0x00000000e3c00000, 0x00000000e3c00000, 0x00000000e3d00000|  0%| F|  |TAMS 0x00000000e3c00000, 0x00000000e3c00000| Untracked 
|  61|0x00000000e3d00000, 0x00000000e3d00000, 0x00000000e3e00000|  0%| F|  |TAMS 0x00000000e3d00000, 0x00000000e3d00000| Untracked 
|  62|0x00000000e3e00000, 0x00000000e3e00000, 0x00000000e3f00000|  0%| F|  |TAMS 0x00000000e3e00000, 0x00000000e3e00000| Untracked 
|  63|0x00000000e3f00000, 0x00000000e3f00000, 0x00000000e4000000|  0%| F|  |TAMS 0x00000000e3f00000, 0x00000000e3f00000| Untracked 
|  64|0x00000000e4000000, 0x00000000e4000000, 0x00000000e4100000|  0%| F|  |TAMS 0x00000000e4000000, 0x00000000e4000000| Untracked 
|  65|0x00000000e4100000, 0x00000000e4100000, 0x00000000e4200000|  0%| F|  |TAMS 0x00000000e4100000, 0x00000000e4100000| Untracked 
|  66|0x00000000e4200000, 0x00000000e4200000, 0x00000000e4300000|  0%| F|  |TAMS 0x00000000e4200000, 0x00000000e4200000| Untracked 
|  67|0x00000000e4300000, 0x00000000e4300000, 0x00000000e4400000|  0%| F|  |TAMS 0x00000000e4300000, 0x00000000e4300000| Untracked 
|  68|0x00000000e4400000, 0x00000000e4400000, 0x00000000e4500000|  0%| F|  |TAMS 0x00000000e4400000, 0x00000000e4400000| Untracked 
|  69|0x00000000e4500000, 0x00000000e4500000, 0x00000000e4600000|  0%| F|  |TAMS 0x00000000e4500000, 0x00000000e4500000| Untracked 
|  70|0x00000000e4600000, 0x00000000e4600000, 0x00000000e4700000|  0%| F|  |TAMS 0x00000000e4600000, 0x00000000e4600000| Untracked 
|  71|0x00000000e4700000, 0x00000000e4700000, 0x00000000e4800000|  0%| F|  |TAMS 0x00000000e4700000, 0x00000000e4700000| Untracked 
|  72|0x00000000e4800000, 0x00000000e4800000, 0x00000000e4900000|  0%| F|  |TAMS 0x00000000e4800000, 0x00000000e4800000| Untracked 
|  73|0x00000000e4900000, 0x00000000e4900000, 0x00000000e4a00000|  0%| F|  |TAMS 0x00000000e4900000, 0x00000000e4900000| Untracked 
|  74|0x00000000e4a00000, 0x00000000e4a00000, 0x00000000e4b00000|  0%| F|  |TAMS 0x00000000e4a00000, 0x00000000e4a00000| Untracked 
|  75|0x00000000e4b00000, 0x00000000e4b00000, 0x00000000e4c00000|  0%| F|  |TAMS 0x00000000e4b00000, 0x00000000e4b00000| Untracked 
|  76|0x00000000e4c00000, 0x00000000e4c00000, 0x00000000e4d00000|  0%| F|  |TAMS 0x00000000e4c00000, 0x00000000e4c00000| Untracked 
|  77|0x00000000e4d00000, 0x00000000e4d00000, 0x00000000e4e00000|  0%| F|  |TAMS 0x00000000e4d00000, 0x00000000e4d00000| Untracked 
|  78|0x00000000e4e00000, 0x00000000e4e00000, 0x00000000e4f00000|  0%| F|  |TAMS 0x00000000e4e00000, 0x00000000e4e00000| Untracked 
|  79|0x00000000e4f00000, 0x00000000e4f00000, 0x00000000e5000000|  0%| F|  |TAMS 0x00000000e4f00000, 0x00000000e4f00000| Untracked 
|  80|0x00000000e5000000, 0x00000000e5000000, 0x00000000e5100000|  0%| F|  |TAMS 0x00000000e5000000, 0x00000000e5000000| Untracked 
|  81|0x00000000e5100000, 0x00000000e5100000, 0x00000000e5200000|  0%| F|  |TAMS 0x00000000e5100000, 0x00000000e5100000| Untracked 
|  82|0x00000000e5200000, 0x00000000e5200000, 0x00000000e5300000|  0%| F|  |TAMS 0x00000000e5200000, 0x00000000e5200000| Untracked 
|  83|0x00000000e5300000, 0x00000000e5300000, 0x00000000e5400000|  0%| F|  |TAMS 0x00000000e5300000, 0x00000000e5300000| Untracked 
|  84|0x00000000e5400000, 0x00000000e5400000, 0x00000000e5500000|  0%| F|  |TAMS 0x00000000e5400000, 0x00000000e5400000| Untracked 
|  85|0x00000000e5500000, 0x00000000e5500000, 0x00000000e5600000|  0%| F|  |TAMS 0x00000000e5500000, 0x00000000e5500000| Untracked 
|  86|0x00000000e5600000, 0x00000000e5600000, 0x00000000e5700000|  0%| F|  |TAMS 0x00000000e5600000, 0x00000000e5600000| Untracked 
|  87|0x00000000e5700000, 0x00000000e5700000, 0x00000000e5800000|  0%| F|  |TAMS 0x00000000e5700000, 0x00000000e5700000| Untracked 
|  88|0x00000000e5800000, 0x00000000e5800000, 0x00000000e5900000|  0%| F|  |TAMS 0x00000000e5800000, 0x00000000e5800000| Untracked 
|  89|0x00000000e5900000, 0x00000000e5900000, 0x00000000e5a00000|  0%| F|  |TAMS 0x00000000e5900000, 0x00000000e5900000| Untracked 
|  90|0x00000000e5a00000, 0x00000000e5a00000, 0x00000000e5b00000|  0%| F|  |TAMS 0x00000000e5a00000, 0x00000000e5a00000| Untracked 
|  91|0x00000000e5b00000, 0x00000000e5b00000, 0x00000000e5c00000|  0%| F|  |TAMS 0x00000000e5b00000, 0x00000000e5b00000| Untracked 
|  92|0x00000000e5c00000, 0x00000000e5c00000, 0x00000000e5d00000|  0%| F|  |TAMS 0x00000000e5c00000, 0x00000000e5c00000| Untracked 
|  93|0x00000000e5d00000, 0x00000000e5d00000, 0x00000000e5e00000|  0%| F|  |TAMS 0x00000000e5d00000, 0x00000000e5d00000| Untracked 
|  94|0x00000000e5e00000, 0x00000000e5e00000, 0x00000000e5f00000|  0%| F|  |TAMS 0x00000000e5e00000, 0x00000000e5e00000| Untracked 
|  95|0x00000000e5f00000, 0x00000000e5f00000, 0x00000000e6000000|  0%| F|  |TAMS 0x00000000e5f00000, 0x00000000e5f00000| Untracked 
|  96|0x00000000e6000000, 0x00000000e6000000, 0x00000000e6100000|  0%| F|  |TAMS 0x00000000e6000000, 0x00000000e6000000| Untracked 
|  97|0x00000000e6100000, 0x00000000e6100000, 0x00000000e6200000|  0%| F|  |TAMS 0x00000000e6100000, 0x00000000e6100000| Untracked 
|  98|0x00000000e6200000, 0x00000000e6200000, 0x00000000e6300000|  0%| F|  |TAMS 0x00000000e6200000, 0x00000000e6200000| Untracked 
|  99|0x00000000e6300000, 0x00000000e6300000, 0x00000000e6400000|  0%| F|  |TAMS 0x00000000e6300000, 0x00000000e6300000| Untracked 
| 100|0x00000000e6400000, 0x00000000e6400000, 0x00000000e6500000|  0%| F|  |TAMS 0x00000000e6400000, 0x00000000e6400000| Untracked 
| 101|0x00000000e6500000, 0x00000000e6500000, 0x00000000e6600000|  0%| F|  |TAMS 0x00000000e6500000, 0x00000000e6500000| Untracked 
| 102|0x00000000e6600000, 0x00000000e6600000, 0x00000000e6700000|  0%| F|  |TAMS 0x00000000e6600000, 0x00000000e6600000| Untracked 
| 103|0x00000000e6700000, 0x00000000e6700000, 0x00000000e6800000|  0%| F|  |TAMS 0x00000000e6700000, 0x00000000e6700000| Untracked 
| 104|0x00000000e6800000, 0x00000000e6800000, 0x00000000e6900000|  0%| F|  |TAMS 0x00000000e6800000, 0x00000000e6800000| Untracked 
| 105|0x00000000e6900000, 0x00000000e6900000, 0x00000000e6a00000|  0%| F|  |TAMS 0x00000000e6900000, 0x00000000e6900000| Untracked 
| 106|0x00000000e6a00000, 0x00000000e6a00000, 0x00000000e6b00000|  0%| F|  |TAMS 0x00000000e6a00000, 0x00000000e6a00000| Untracked 
| 107|0x00000000e6b00000, 0x00000000e6b00000, 0x00000000e6c00000|  0%| F|  |TAMS 0x00000000e6b00000, 0x00000000e6b00000| Untracked 
| 108|0x00000000e6c00000, 0x00000000e6c00000, 0x00000000e6d00000|  0%| F|  |TAMS 0x00000000e6c00000, 0x00000000e6c00000| Untracked 
| 109|0x00000000e6d00000, 0x00000000e6d00000, 0x00000000e6e00000|  0%| F|  |TAMS 0x00000000e6d00000, 0x00000000e6d00000| Untracked 
| 110|0x00000000e6e00000, 0x00000000e6e00000, 0x00000000e6f00000|  0%| F|  |TAMS 0x00000000e6e00000, 0x00000000e6e00000| Untracked 
| 111|0x00000000e6f00000, 0x00000000e6f00000, 0x00000000e7000000|  0%| F|  |TAMS 0x00000000e6f00000, 0x00000000e6f00000| Untracked 
| 112|0x00000000e7000000, 0x00000000e7000000, 0x00000000e7100000|  0%| F|  |TAMS 0x00000000e7000000, 0x00000000e7000000| Untracked 
| 113|0x00000000e7100000, 0x00000000e7100000, 0x00000000e7200000|  0%| F|  |TAMS 0x00000000e7100000, 0x00000000e7100000| Untracked 
| 114|0x00000000e7200000, 0x00000000e7200000, 0x00000000e7300000|  0%| F|  |TAMS 0x00000000e7200000, 0x00000000e7200000| Untracked 
| 115|0x00000000e7300000, 0x00000000e7300000, 0x00000000e7400000|  0%| F|  |TAMS 0x00000000e7300000, 0x00000000e7300000| Untracked 
| 116|0x00000000e7400000, 0x00000000e7400000, 0x00000000e7500000|  0%| F|  |TAMS 0x00000000e7400000, 0x00000000e7400000| Untracked 
| 117|0x00000000e7500000, 0x00000000e7500000, 0x00000000e7600000|  0%| F|  |TAMS 0x00000000e7500000, 0x00000000e7500000| Untracked 
| 118|0x00000000e7600000, 0x00000000e7600000, 0x00000000e7700000|  0%| F|  |TAMS 0x00000000e7600000, 0x00000000e7600000| Untracked 
| 119|0x00000000e7700000, 0x00000000e7700000, 0x00000000e7800000|  0%| F|  |TAMS 0x00000000e7700000, 0x00000000e7700000| Untracked 
| 120|0x00000000e7800000, 0x00000000e7800000, 0x00000000e7900000|  0%| F|  |TAMS 0x00000000e7800000, 0x00000000e7800000| Untracked 
| 121|0x00000000e7900000, 0x00000000e7900000, 0x00000000e7a00000|  0%| F|  |TAMS 0x00000000e7900000, 0x00000000e7900000| Untracked 
| 122|0x00000000e7a00000, 0x00000000e7a00000, 0x00000000e7b00000|  0%| F|  |TAMS 0x00000000e7a00000, 0x00000000e7a00000| Untracked 
| 123|0x00000000e7b00000, 0x00000000e7b00000, 0x00000000e7c00000|  0%| F|  |TAMS 0x00000000e7b00000, 0x00000000e7b00000| Untracked 
| 124|0x00000000e7c00000, 0x00000000e7c00000, 0x00000000e7d00000|  0%| F|  |TAMS 0x00000000e7c00000, 0x00000000e7c00000| Untracked 
| 125|0x00000000e7d00000, 0x00000000e7d00000, 0x00000000e7e00000|  0%| F|  |TAMS 0x00000000e7d00000, 0x00000000e7d00000| Untracked 
| 126|0x00000000e7e00000, 0x00000000e7e00000, 0x00000000e7f00000|  0%| F|  |TAMS 0x00000000e7e00000, 0x00000000e7e00000| Untracked 
| 127|0x00000000e7f00000, 0x00000000e7f00000, 0x00000000e8000000|  0%| F|  |TAMS 0x00000000e7f00000, 0x00000000e7f00000| Untracked 
| 128|0x00000000e8000000, 0x00000000e8000000, 0x00000000e8100000|  0%| F|  |TAMS 0x00000000e8000000, 0x00000000e8000000| Untracked 
| 129|0x00000000e8100000, 0x00000000e8100000, 0x00000000e8200000|  0%| F|  |TAMS 0x00000000e8100000, 0x00000000e8100000| Untracked 
| 130|0x00000000e8200000, 0x00000000e8200000, 0x00000000e8300000|  0%| F|  |TAMS 0x00000000e8200000, 0x00000000e8200000| Untracked 
| 131|0x00000000e8300000, 0x00000000e8300000, 0x00000000e8400000|  0%| F|  |TAMS 0x00000000e8300000, 0x00000000e8300000| Untracked 
| 132|0x00000000e8400000, 0x00000000e8400000, 0x00000000e8500000|  0%| F|  |TAMS 0x00000000e8400000, 0x00000000e8400000| Untracked 
| 133|0x00000000e8500000, 0x00000000e8500000, 0x00000000e8600000|  0%| F|  |TAMS 0x00000000e8500000, 0x00000000e8500000| Untracked 
| 134|0x00000000e8600000, 0x00000000e8600000, 0x00000000e8700000|  0%| F|  |TAMS 0x00000000e8600000, 0x00000000e8600000| Untracked 
| 135|0x00000000e8700000, 0x00000000e8700000, 0x00000000e8800000|  0%| F|  |TAMS 0x00000000e8700000, 0x00000000e8700000| Untracked 
| 136|0x00000000e8800000, 0x00000000e8800000, 0x00000000e8900000|  0%| F|  |TAMS 0x00000000e8800000, 0x00000000e8800000| Untracked 
| 137|0x00000000e8900000, 0x00000000e8900000, 0x00000000e8a00000|  0%| F|  |TAMS 0x00000000e8900000, 0x00000000e8900000| Untracked 
| 138|0x00000000e8a00000, 0x00000000e8a00000, 0x00000000e8b00000|  0%| F|  |TAMS 0x00000000e8a00000, 0x00000000e8a00000| Untracked 
| 139|0x00000000e8b00000, 0x00000000e8b00000, 0x00000000e8c00000|  0%| F|  |TAMS 0x00000000e8b00000, 0x00000000e8b00000| Untracked 
| 140|0x00000000e8c00000, 0x00000000e8c00000, 0x00000000e8d00000|  0%| F|  |TAMS 0x00000000e8c00000, 0x00000000e8c00000| Untracked 
| 141|0x00000000e8d00000, 0x00000000e8d00000, 0x00000000e8e00000|  0%| F|  |TAMS 0x00000000e8d00000, 0x00000000e8d00000| Untracked 
| 142|0x00000000e8e00000, 0x00000000e8e00000, 0x00000000e8f00000|  0%| F|  |TAMS 0x00000000e8e00000, 0x00000000e8e00000| Untracked 
| 143|0x00000000e8f00000, 0x00000000e8f00000, 0x00000000e9000000|  0%| F|  |TAMS 0x00000000e8f00000, 0x00000000e8f00000| Untracked 
| 144|0x00000000e9000000, 0x00000000e9000000, 0x00000000e9100000|  0%| F|  |TAMS 0x00000000e9000000, 0x00000000e9000000| Untracked 
| 145|0x00000000e9100000, 0x00000000e9180800, 0x00000000e9200000| 50%| E|  |TAMS 0x00000000e9100000, 0x00000000e9100000| Complete 
| 146|0x00000000e9200000, 0x00000000e9300000, 0x00000000e9300000|100%| E|CS|TAMS 0x00000000e9200000, 0x00000000e9200000| Complete 
| 147|0x00000000e9300000, 0x00000000e9400000, 0x00000000e9400000|100%| E|CS|TAMS 0x00000000e9300000, 0x00000000e9300000| Complete 
| 148|0x00000000e9400000, 0x00000000e9500000, 0x00000000e9500000|100%| E|CS|TAMS 0x00000000e9400000, 0x00000000e9400000| Complete 
| 149|0x00000000e9500000, 0x00000000e9600000, 0x00000000e9600000|100%| E|CS|TAMS 0x00000000e9500000, 0x00000000e9500000| Complete 
| 150|0x00000000e9600000, 0x00000000e9700000, 0x00000000e9700000|100%| E|CS|TAMS 0x00000000e9600000, 0x00000000e9600000| Complete 
| 151|0x00000000e9700000, 0x00000000e9800000, 0x00000000e9800000|100%| E|CS|TAMS 0x00000000e9700000, 0x00000000e9700000| Complete 
| 152|0x00000000e9800000, 0x00000000e9900000, 0x00000000e9900000|100%| E|CS|TAMS 0x00000000e9800000, 0x00000000e9800000| Complete 
| 153|0x00000000e9900000, 0x00000000e9a00000, 0x00000000e9a00000|100%| E|CS|TAMS 0x00000000e9900000, 0x00000000e9900000| Complete 
| 154|0x00000000e9a00000, 0x00000000e9b00000, 0x00000000e9b00000|100%| E|CS|TAMS 0x00000000e9a00000, 0x00000000e9a00000| Complete 
| 155|0x00000000e9b00000, 0x00000000e9c00000, 0x00000000e9c00000|100%| E|CS|TAMS 0x00000000e9b00000, 0x00000000e9b00000| Complete 
| 156|0x00000000e9c00000, 0x00000000e9d00000, 0x00000000e9d00000|100%| E|CS|TAMS 0x00000000e9c00000, 0x00000000e9c00000| Complete 
| 157|0x00000000e9d00000, 0x00000000e9e00000, 0x00000000e9e00000|100%| E|CS|TAMS 0x00000000e9d00000, 0x00000000e9d00000| Complete 
| 158|0x00000000e9e00000, 0x00000000e9f00000, 0x00000000e9f00000|100%| E|CS|TAMS 0x00000000e9e00000, 0x00000000e9e00000| Complete 
| 159|0x00000000e9f00000, 0x00000000ea000000, 0x00000000ea000000|100%| E|CS|TAMS 0x00000000e9f00000, 0x00000000e9f00000| Complete 
| 160|0x00000000ea000000, 0x00000000ea100000, 0x00000000ea100000|100%| E|CS|TAMS 0x00000000ea000000, 0x00000000ea000000| Complete 
| 161|0x00000000ea100000, 0x00000000ea200000, 0x00000000ea200000|100%| E|CS|TAMS 0x00000000ea100000, 0x00000000ea100000| Complete 
| 162|0x00000000ea200000, 0x00000000ea300000, 0x00000000ea300000|100%| E|CS|TAMS 0x00000000ea200000, 0x00000000ea200000| Complete 
| 163|0x00000000ea300000, 0x00000000ea400000, 0x00000000ea400000|100%| E|CS|TAMS 0x00000000ea300000, 0x00000000ea300000| Complete 
| 164|0x00000000ea400000, 0x00000000ea500000, 0x00000000ea500000|100%| E|CS|TAMS 0x00000000ea400000, 0x00000000ea400000| Complete 
| 165|0x00000000ea500000, 0x00000000ea600000, 0x00000000ea600000|100%| E|CS|TAMS 0x00000000ea500000, 0x00000000ea500000| Complete 
| 166|0x00000000ea600000, 0x00000000ea700000, 0x00000000ea700000|100%| E|CS|TAMS 0x00000000ea600000, 0x00000000ea600000| Complete 
| 167|0x00000000ea700000, 0x00000000ea800000, 0x00000000ea800000|100%| E|CS|TAMS 0x00000000ea700000, 0x00000000ea700000| Complete 
| 168|0x00000000ea800000, 0x00000000ea900000, 0x00000000ea900000|100%| E|CS|TAMS 0x00000000ea800000, 0x00000000ea800000| Complete 
| 169|0x00000000ea900000, 0x00000000eaa00000, 0x00000000eaa00000|100%| E|CS|TAMS 0x00000000ea900000, 0x00000000ea900000| Complete 
| 170|0x00000000eaa00000, 0x00000000eab00000, 0x00000000eab00000|100%| E|CS|TAMS 0x00000000eaa00000, 0x00000000eaa00000| Complete 
| 171|0x00000000eab00000, 0x00000000eac00000, 0x00000000eac00000|100%| E|CS|TAMS 0x00000000eab00000, 0x00000000eab00000| Complete 
| 172|0x00000000eac00000, 0x00000000ead00000, 0x00000000ead00000|100%| E|CS|TAMS 0x00000000eac00000, 0x00000000eac00000| Complete 
| 173|0x00000000ead00000, 0x00000000eae00000, 0x00000000eae00000|100%| E|CS|TAMS 0x00000000ead00000, 0x00000000ead00000| Complete 
| 174|0x00000000eae00000, 0x00000000eaf00000, 0x00000000eaf00000|100%| E|CS|TAMS 0x00000000eae00000, 0x00000000eae00000| Complete 
| 175|0x00000000eaf00000, 0x00000000eb000000, 0x00000000eb000000|100%| E|CS|TAMS 0x00000000eaf00000, 0x00000000eaf00000| Complete 
| 176|0x00000000eb000000, 0x00000000eb100000, 0x00000000eb100000|100%| E|CS|TAMS 0x00000000eb000000, 0x00000000eb000000| Complete 
| 177|0x00000000eb100000, 0x00000000eb200000, 0x00000000eb200000|100%| E|CS|TAMS 0x00000000eb100000, 0x00000000eb100000| Complete 
| 178|0x00000000eb200000, 0x00000000eb300000, 0x00000000eb300000|100%| E|CS|TAMS 0x00000000eb200000, 0x00000000eb200000| Complete 
| 179|0x00000000eb300000, 0x00000000eb400000, 0x00000000eb400000|100%| E|CS|TAMS 0x00000000eb300000, 0x00000000eb300000| Complete 
| 180|0x00000000eb400000, 0x00000000eb500000, 0x00000000eb500000|100%| E|CS|TAMS 0x00000000eb400000, 0x00000000eb400000| Complete 
| 181|0x00000000eb500000, 0x00000000eb600000, 0x00000000eb600000|100%| E|CS|TAMS 0x00000000eb500000, 0x00000000eb500000| Complete 
| 182|0x00000000eb600000, 0x00000000eb700000, 0x00000000eb700000|100%| E|CS|TAMS 0x00000000eb600000, 0x00000000eb600000| Complete 
| 183|0x00000000eb700000, 0x00000000eb800000, 0x00000000eb800000|100%| E|CS|TAMS 0x00000000eb700000, 0x00000000eb700000| Complete 
| 184|0x00000000eb800000, 0x00000000eb900000, 0x00000000eb900000|100%| E|CS|TAMS 0x00000000eb800000, 0x00000000eb800000| Complete 
| 185|0x00000000eb900000, 0x00000000eba00000, 0x00000000eba00000|100%| E|CS|TAMS 0x00000000eb900000, 0x00000000eb900000| Complete 
| 186|0x00000000eba00000, 0x00000000ebb00000, 0x00000000ebb00000|100%| E|CS|TAMS 0x00000000eba00000, 0x00000000eba00000| Complete 
| 187|0x00000000ebb00000, 0x00000000ebc00000, 0x00000000ebc00000|100%| E|CS|TAMS 0x00000000ebb00000, 0x00000000ebb00000| Complete 
| 188|0x00000000ebc00000, 0x00000000ebd00000, 0x00000000ebd00000|100%| E|CS|TAMS 0x00000000ebc00000, 0x00000000ebc00000| Complete 
| 189|0x00000000ebd00000, 0x00000000ebe00000, 0x00000000ebe00000|100%| E|CS|TAMS 0x00000000ebd00000, 0x00000000ebd00000| Complete 
| 190|0x00000000ebe00000, 0x00000000ebf00000, 0x00000000ebf00000|100%| E|CS|TAMS 0x00000000ebe00000, 0x00000000ebe00000| Complete 
| 191|0x00000000ebf00000, 0x00000000ec000000, 0x00000000ec000000|100%| E|CS|TAMS 0x00000000ebf00000, 0x00000000ebf00000| Complete 
| 192|0x00000000ec000000, 0x00000000ec100000, 0x00000000ec100000|100%| E|CS|TAMS 0x00000000ec000000, 0x00000000ec000000| Complete 
| 193|0x00000000ec100000, 0x00000000ec200000, 0x00000000ec200000|100%| E|CS|TAMS 0x00000000ec100000, 0x00000000ec100000| Complete 
| 194|0x00000000ec200000, 0x00000000ec300000, 0x00000000ec300000|100%| E|CS|TAMS 0x00000000ec200000, 0x00000000ec200000| Complete 
| 195|0x00000000ec300000, 0x00000000ec400000, 0x00000000ec400000|100%| E|CS|TAMS 0x00000000ec300000, 0x00000000ec300000| Complete 
| 196|0x00000000ec400000, 0x00000000ec500000, 0x00000000ec500000|100%| E|CS|TAMS 0x00000000ec400000, 0x00000000ec400000| Complete 
| 197|0x00000000ec500000, 0x00000000ec600000, 0x00000000ec600000|100%| E|CS|TAMS 0x00000000ec500000, 0x00000000ec500000| Complete 
| 198|0x00000000ec600000, 0x00000000ec700000, 0x00000000ec700000|100%| E|CS|TAMS 0x00000000ec600000, 0x00000000ec600000| Complete 
| 199|0x00000000ec700000, 0x00000000ec800000, 0x00000000ec800000|100%| E|CS|TAMS 0x00000000ec700000, 0x00000000ec700000| Complete 
| 200|0x00000000ec800000, 0x00000000ec900000, 0x00000000ec900000|100%| E|CS|TAMS 0x00000000ec800000, 0x00000000ec800000| Complete 
| 201|0x00000000ec900000, 0x00000000eca00000, 0x00000000eca00000|100%| E|CS|TAMS 0x00000000ec900000, 0x00000000ec900000| Complete 
| 202|0x00000000eca00000, 0x00000000ecb00000, 0x00000000ecb00000|100%| E|CS|TAMS 0x00000000eca00000, 0x00000000eca00000| Complete 
| 203|0x00000000ecb00000, 0x00000000ecc00000, 0x00000000ecc00000|100%| E|CS|TAMS 0x00000000ecb00000, 0x00000000ecb00000| Complete 
| 204|0x00000000ecc00000, 0x00000000ecd00000, 0x00000000ecd00000|100%| E|CS|TAMS 0x00000000ecc00000, 0x00000000ecc00000| Complete 
| 205|0x00000000ecd00000, 0x00000000ece00000, 0x00000000ece00000|100%| E|CS|TAMS 0x00000000ecd00000, 0x00000000ecd00000| Complete 
| 206|0x00000000ece00000, 0x00000000ecf00000, 0x00000000ecf00000|100%| E|CS|TAMS 0x00000000ece00000, 0x00000000ece00000| Complete 
| 207|0x00000000ecf00000, 0x00000000ed000000, 0x00000000ed000000|100%| E|CS|TAMS 0x00000000ecf00000, 0x00000000ecf00000| Complete 
| 208|0x00000000ed000000, 0x00000000ed100000, 0x00000000ed100000|100%| E|CS|TAMS 0x00000000ed000000, 0x00000000ed000000| Complete 
| 209|0x00000000ed100000, 0x00000000ed200000, 0x00000000ed200000|100%| E|CS|TAMS 0x00000000ed100000, 0x00000000ed100000| Complete 
| 210|0x00000000ed200000, 0x00000000ed300000, 0x00000000ed300000|100%| E|CS|TAMS 0x00000000ed200000, 0x00000000ed200000| Complete 
| 211|0x00000000ed300000, 0x00000000ed400000, 0x00000000ed400000|100%| E|CS|TAMS 0x00000000ed300000, 0x00000000ed300000| Complete 
| 212|0x00000000ed400000, 0x00000000ed500000, 0x00000000ed500000|100%| E|CS|TAMS 0x00000000ed400000, 0x00000000ed400000| Complete 
| 213|0x00000000ed500000, 0x00000000ed600000, 0x00000000ed600000|100%| E|CS|TAMS 0x00000000ed500000, 0x00000000ed500000| Complete 
| 214|0x00000000ed600000, 0x00000000ed700000, 0x00000000ed700000|100%| E|CS|TAMS 0x00000000ed600000, 0x00000000ed600000| Complete 
| 215|0x00000000ed700000, 0x00000000ed800000, 0x00000000ed800000|100%| E|CS|TAMS 0x00000000ed700000, 0x00000000ed700000| Complete 
| 216|0x00000000ed800000, 0x00000000ed900000, 0x00000000ed900000|100%| E|CS|TAMS 0x00000000ed800000, 0x00000000ed800000| Complete 
| 217|0x00000000ed900000, 0x00000000eda00000, 0x00000000eda00000|100%| E|CS|TAMS 0x00000000ed900000, 0x00000000ed900000| Complete 
| 218|0x00000000eda00000, 0x00000000edb00000, 0x00000000edb00000|100%| E|CS|TAMS 0x00000000eda00000, 0x00000000eda00000| Complete 
| 219|0x00000000edb00000, 0x00000000edc00000, 0x00000000edc00000|100%| E|CS|TAMS 0x00000000edb00000, 0x00000000edb00000| Complete 
| 220|0x00000000edc00000, 0x00000000edd00000, 0x00000000edd00000|100%| E|CS|TAMS 0x00000000edc00000, 0x00000000edc00000| Complete 
| 221|0x00000000edd00000, 0x00000000ede00000, 0x00000000ede00000|100%| E|CS|TAMS 0x00000000edd00000, 0x00000000edd00000| Complete 
| 222|0x00000000ede00000, 0x00000000edf00000, 0x00000000edf00000|100%| E|CS|TAMS 0x00000000ede00000, 0x00000000ede00000| Complete 
| 223|0x00000000edf00000, 0x00000000ee000000, 0x00000000ee000000|100%| E|CS|TAMS 0x00000000edf00000, 0x00000000edf00000| Complete 
| 224|0x00000000ee000000, 0x00000000ee100000, 0x00000000ee100000|100%| E|CS|TAMS 0x00000000ee000000, 0x00000000ee000000| Complete 
| 225|0x00000000ee100000, 0x00000000ee200000, 0x00000000ee200000|100%| E|CS|TAMS 0x00000000ee100000, 0x00000000ee100000| Complete 
| 226|0x00000000ee200000, 0x00000000ee300000, 0x00000000ee300000|100%| E|CS|TAMS 0x00000000ee200000, 0x00000000ee200000| Complete 
| 227|0x00000000ee300000, 0x00000000ee400000, 0x00000000ee400000|100%| E|CS|TAMS 0x00000000ee300000, 0x00000000ee300000| Complete 
| 228|0x00000000ee400000, 0x00000000ee500000, 0x00000000ee500000|100%| E|CS|TAMS 0x00000000ee400000, 0x00000000ee400000| Complete 
| 229|0x00000000ee500000, 0x00000000ee600000, 0x00000000ee600000|100%| E|CS|TAMS 0x00000000ee500000, 0x00000000ee500000| Complete 
| 230|0x00000000ee600000, 0x00000000ee700000, 0x00000000ee700000|100%| E|CS|TAMS 0x00000000ee600000, 0x00000000ee600000| Complete 
| 231|0x00000000ee700000, 0x00000000ee800000, 0x00000000ee800000|100%| E|CS|TAMS 0x00000000ee700000, 0x00000000ee700000| Complete 
| 232|0x00000000ee800000, 0x00000000ee900000, 0x00000000ee900000|100%| E|CS|TAMS 0x00000000ee800000, 0x00000000ee800000| Complete 
| 233|0x00000000ee900000, 0x00000000eea00000, 0x00000000eea00000|100%| E|CS|TAMS 0x00000000ee900000, 0x00000000ee900000| Complete 
| 234|0x00000000eea00000, 0x00000000eeb00000, 0x00000000eeb00000|100%| E|CS|TAMS 0x00000000eea00000, 0x00000000eea00000| Complete 
| 235|0x00000000eeb00000, 0x00000000eec00000, 0x00000000eec00000|100%| E|CS|TAMS 0x00000000eeb00000, 0x00000000eeb00000| Complete 
| 236|0x00000000eec00000, 0x00000000eed00000, 0x00000000eed00000|100%| E|CS|TAMS 0x00000000eec00000, 0x00000000eec00000| Complete 
| 237|0x00000000eed00000, 0x00000000eee00000, 0x00000000eee00000|100%| E|CS|TAMS 0x00000000eed00000, 0x00000000eed00000| Complete 
| 238|0x00000000eee00000, 0x00000000eef00000, 0x00000000eef00000|100%| E|CS|TAMS 0x00000000eee00000, 0x00000000eee00000| Complete 
| 239|0x00000000eef00000, 0x00000000ef000000, 0x00000000ef000000|100%| E|CS|TAMS 0x00000000eef00000, 0x00000000eef00000| Complete 
| 240|0x00000000ef000000, 0x00000000ef100000, 0x00000000ef100000|100%| E|CS|TAMS 0x00000000ef000000, 0x00000000ef000000| Complete 
| 241|0x00000000ef100000, 0x00000000ef200000, 0x00000000ef200000|100%| E|CS|TAMS 0x00000000ef100000, 0x00000000ef100000| Complete 
| 242|0x00000000ef200000, 0x00000000ef300000, 0x00000000ef300000|100%| E|CS|TAMS 0x00000000ef200000, 0x00000000ef200000| Complete 
| 243|0x00000000ef300000, 0x00000000ef400000, 0x00000000ef400000|100%| E|CS|TAMS 0x00000000ef300000, 0x00000000ef300000| Complete 
| 244|0x00000000ef400000, 0x00000000ef500000, 0x00000000ef500000|100%| E|CS|TAMS 0x00000000ef400000, 0x00000000ef400000| Complete 
| 245|0x00000000ef500000, 0x00000000ef600000, 0x00000000ef600000|100%| E|CS|TAMS 0x00000000ef500000, 0x00000000ef500000| Complete 
| 246|0x00000000ef600000, 0x00000000ef700000, 0x00000000ef700000|100%| E|CS|TAMS 0x00000000ef600000, 0x00000000ef600000| Complete 
| 247|0x00000000ef700000, 0x00000000ef800000, 0x00000000ef800000|100%| E|CS|TAMS 0x00000000ef700000, 0x00000000ef700000| Complete 
| 248|0x00000000ef800000, 0x00000000ef900000, 0x00000000ef900000|100%| E|CS|TAMS 0x00000000ef800000, 0x00000000ef800000| Complete 
| 249|0x00000000ef900000, 0x00000000efa00000, 0x00000000efa00000|100%| E|CS|TAMS 0x00000000ef900000, 0x00000000ef900000| Complete 
| 250|0x00000000efa00000, 0x00000000efa6ba18, 0x00000000efb00000| 42%| S|CS|TAMS 0x00000000efa00000, 0x00000000efa00000| Complete 
| 251|0x00000000efb00000, 0x00000000efc00000, 0x00000000efc00000|100%| E|CS|TAMS 0x00000000efb00000, 0x00000000efb00000| Complete 
| 252|0x00000000efc00000, 0x00000000efd00000, 0x00000000efd00000|100%| E|CS|TAMS 0x00000000efc00000, 0x00000000efc00000| Complete 
| 253|0x00000000efd00000, 0x00000000efe00000, 0x00000000efe00000|100%| E|  |TAMS 0x00000000efd00000, 0x00000000efd00000| Complete 
| 254|0x00000000efe00000, 0x00000000eff00000, 0x00000000eff00000|100%| E|CS|TAMS 0x00000000efe00000, 0x00000000efe00000| Complete 
| 255|0x00000000eff00000, 0x00000000f0000000, 0x00000000f0000000|100%| E|CS|TAMS 0x00000000eff00000, 0x00000000eff00000| Complete 

Card table byte_map: [0x000001c14dce0000,0x000001c14dde0000] _byte_map_base: 0x000001c14d5e0000

Marking Bits (Prev, Next): (CMBitMap*) 0x000001c136dcbd90, (CMBitMap*) 0x000001c136dcbdd0
 Prev Bits: [0x000001c14dee0000, 0x000001c14e6e0000)
 Next Bits: [0x000001c14e6e0000, 0x000001c14eee0000)

Polling page: 0x000001c134c90000

Metaspace:

Usage:
  Non-class:     38.48 MB used.
      Class:      6.35 MB used.
       Both:     44.84 MB used.

Virtual space:
  Non-class space:       64.00 MB reserved,      38.75 MB ( 61%) committed,  1 nodes.
      Class space:      320.00 MB reserved,       6.56 MB (  2%) committed,  1 nodes.
             Both:      384.00 MB reserved,      45.31 MB ( 12%) committed. 

Chunk freelists:
   Non-Class:  8.93 MB
       Class:  9.27 MB
        Both:  18.21 MB

MaxMetaspaceSize: 384.00 MB
CompressedClassSpaceSize: 320.00 MB
Initial GC threshold: 21.00 MB
Current GC threshold: 60.00 MB
CDS: on
MetaspaceReclaimPolicy: balanced
 - commit_granule_bytes: 65536.
 - commit_granule_words: 8192.
 - virtual_space_node_default_size: 8388608.
 - enlarge_chunks_in_place: 1.
 - new_chunks_are_fully_committed: 0.
 - uncommit_free_chunks: 1.
 - use_allocation_guard: 0.
 - handle_deallocations: 1.


Internal statistics:

num_allocs_failed_limit: 12.
num_arena_births: 504.
num_arena_deaths: 0.
num_vsnodes_births: 2.
num_vsnodes_deaths: 0.
num_space_committed: 725.
num_space_uncommitted: 0.
num_chunks_returned_to_freelist: 12.
num_chunks_taken_from_freelist: 2283.
num_chunk_merges: 12.
num_chunk_splits: 1536.
num_chunks_enlarged: 1044.
num_inconsistent_stats: 0.

CodeHeap 'non-profiled nmethods': size=120000Kb used=2494Kb max_used=3210Kb free=117505Kb
 bounds [0x000001c146380000, 0x000001c1466c0000, 0x000001c14d8b0000]
CodeHeap 'profiled nmethods': size=120000Kb used=8732Kb max_used=10464Kb free=111267Kb
 bounds [0x000001c13e8b0000, 0x000001c13f2f0000, 0x000001c145de0000]
CodeHeap 'non-nmethods': size=5760Kb used=2317Kb max_used=2421Kb free=3442Kb
 bounds [0x000001c145de0000, 0x000001c146060000, 0x000001c146380000]
 total_blobs=5224 nmethods=4393 adapters=743
 compilation: enabled
              stopped_count=0, restarted_count=0
 full_count=0

Compilation events (20 events):
Event: 16.207 Thread 0x000001c151a228e0 nmethod 5119 0x000001c13e93fc90 code [0x000001c13e93fe80, 0x000001c13e940478]
Event: 16.207 Thread 0x000001c151a228e0 5120       3       java.util.Collections::synchronizedSet (10 bytes)
Event: 16.208 Thread 0x000001c151a228e0 nmethod 5120 0x000001c13ec8ad10 code [0x000001c13ec8af00, 0x000001c13ec8b618]
Event: 16.208 Thread 0x000001c151a228e0 5121       3       java.util.Collections$SynchronizedSet::<init> (7 bytes)
Event: 16.208 Thread 0x000001c151a228e0 nmethod 5121 0x000001c13e8db390 code [0x000001c13e8db580, 0x000001c13e8dbbd8]
Event: 16.210 Thread 0x000001c151a228e0 5122       3       java.util.Hashtable$EntrySet::<init> (10 bytes)
Event: 16.210 Thread 0x000001c151a228e0 nmethod 5122 0x000001c13ed7e710 code [0x000001c13ed7e8c0, 0x000001c13ed7eb38]
Event: 16.210 Thread 0x000001c151a228e0 5123       3       com.sun.beans.introspect.PropertyInfo::initialize (392 bytes)
Event: 16.213 Thread 0x000001c151a228e0 nmethod 5123 0x000001c13efe4210 code [0x000001c13efe4580, 0x000001c13efe5ee8]
Event: 16.213 Thread 0x000001c151a228e0 5124       3       java.beans.PropertyDescriptor::<init> (302 bytes)
Event: 16.214 Thread 0x000001c151917d30 5128       4       java.beans.MethodRef::get (91 bytes)
Event: 16.218 Thread 0x000001c151917d30 nmethod 5128 0x000001c1463c2010 code [0x000001c1463c21a0, 0x000001c1463c22f8]
Event: 16.219 Thread 0x000001c151a228e0 nmethod 5124 0x000001c13ea13390 code [0x000001c13ea13a80, 0x000001c13ea188b8]
Event: 16.219 Thread 0x000001c151a228e0 5125       3       com.sun.beans.introspect.PropertyInfo::getReadMethod (19 bytes)
Event: 16.220 Thread 0x000001c151a228e0 nmethod 5125 0x000001c13eb3b090 code [0x000001c13eb3b240, 0x000001c13eb3b3d8]
Event: 16.220 Thread 0x000001c151a228e0 5126       3       com.sun.beans.introspect.PropertyInfo::getWriteMethod (19 bytes)
Event: 16.220 Thread 0x000001c151a228e0 nmethod 5126 0x000001c13ebc7c90 code [0x000001c13ebc7e40, 0x000001c13ebc7fd8]
Event: 16.220 Thread 0x000001c151a228e0 5127       3       com.sun.beans.introspect.PropertyInfo::isConstrained (101 bytes)
Event: 16.220 Thread 0x000001c151a228e0 nmethod 5127 0x000001c13e9b6210 code [0x000001c13e9b63e0, 0x000001c13e9b66b8]
Event: 16.220 Thread 0x000001c151a228e0 5129       3       com.sun.beans.TypeResolver::prepare (234 bytes)

GC Heap History (12 events):
Event: 4.339 GC heap before
{Heap before GC invocations=0 (full 0):
 garbage-first heap   total 262144K, used 26624K [0x00000000e0000000, 0x0000000100000000)
  region size 1024K, 23 young (23552K), 0 survivors (0K)
 Metaspace       used 3094K, committed 3200K, reserved 393216K
  class space    used 394K, committed 448K, reserved 327680K
}
Event: 4.388 GC heap after
{Heap after GC invocations=1 (full 0):
 garbage-first heap   total 262144K, used 10649K [0x00000000e0000000, 0x0000000100000000)
  region size 1024K, 3 young (3072K), 3 survivors (3072K)
 Metaspace       used 3094K, committed 3200K, reserved 393216K
  class space    used 394K, committed 448K, reserved 327680K
}
Event: 5.935 GC heap before
{Heap before GC invocations=1 (full 0):
 garbage-first heap   total 262144K, used 40345K [0x00000000e0000000, 0x0000000100000000)
  region size 1024K, 31 young (31744K), 3 survivors (3072K)
 Metaspace       used 4026K, committed 4160K, reserved 393216K
  class space    used 492K, committed 576K, reserved 327680K
}
Event: 5.938 GC heap after
{Heap after GC invocations=2 (full 0):
 garbage-first heap   total 262144K, used 12466K [0x00000000e0000000, 0x0000000100000000)
  region size 1024K, 2 young (2048K), 2 survivors (2048K)
 Metaspace       used 4026K, committed 4160K, reserved 393216K
  class space    used 492K, committed 576K, reserved 327680K
}
Event: 10.546 GC heap before
{Heap before GC invocations=2 (full 0):
 garbage-first heap   total 262144K, used 125106K [0x00000000e0000000, 0x0000000100000000)
  region size 1024K, 113 young (115712K), 2 survivors (2048K)
 Metaspace       used 21243K, committed 21504K, reserved 393216K
  class space    used 3134K, committed 3264K, reserved 327680K
}
Event: 10.561 GC heap after
{Heap after GC invocations=3 (full 0):
 garbage-first heap   total 262144K, used 22531K [0x00000000e0000000, 0x0000000100000000)
  region size 1024K, 12 young (12288K), 12 survivors (12288K)
 Metaspace       used 21243K, committed 21504K, reserved 393216K
  class space    used 3134K, committed 3264K, reserved 327680K
}
Event: 13.613 GC heap before
{Heap before GC invocations=4 (full 0):
 garbage-first heap   total 262144K, used 138243K [0x00000000e0000000, 0x0000000100000000)
  region size 1024K, 122 young (124928K), 12 survivors (12288K)
 Metaspace       used 35652K, committed 35968K, reserved 393216K
  class space    used 4979K, committed 5120K, reserved 327680K
}
Event: 13.630 GC heap after
{Heap after GC invocations=5 (full 0):
 garbage-first heap   total 262144K, used 32306K [0x00000000e0000000, 0x0000000100000000)
  region size 1024K, 10 young (10240K), 10 survivors (10240K)
 Metaspace       used 35652K, committed 35968K, reserved 393216K
  class space    used 4979K, committed 5120K, reserved 327680K
}
Event: 13.691 GC heap before
{Heap before GC invocations=5 (full 0):
 garbage-first heap   total 262144K, used 33330K [0x00000000e0000000, 0x0000000100000000)
  region size 1024K, 12 young (12288K), 10 survivors (10240K)
 Metaspace       used 35958K, committed 36288K, reserved 393216K
  class space    used 5018K, committed 5184K, reserved 327680K
}
Event: 13.702 GC heap after
{Heap after GC invocations=6 (full 0):
 garbage-first heap   total 262144K, used 32247K [0x00000000e0000000, 0x0000000100000000)
  region size 1024K, 2 young (2048K), 2 survivors (2048K)
 Metaspace       used 35958K, committed 36288K, reserved 393216K
  class space    used 5018K, committed 5184K, reserved 327680K
}
Event: 13.765 GC heap before
{Heap before GC invocations=6 (full 0):
 garbage-first heap   total 262144K, used 34295K [0x00000000e0000000, 0x0000000100000000)
  region size 1024K, 5 young (5120K), 2 survivors (2048K)
 Metaspace       used 36275K, committed 36608K, reserved 393216K
  class space    used 5076K, committed 5248K, reserved 327680K
}
Event: 13.766 GC heap after
{Heap after GC invocations=7 (full 0):
 garbage-first heap   total 262144K, used 31285K [0x00000000e0000000, 0x0000000100000000)
  region size 1024K, 1 young (1024K), 1 survivors (1024K)
 Metaspace       used 36275K, committed 36608K, reserved 393216K
  class space    used 5076K, committed 5248K, reserved 327680K
}

Dll operation events (15 events):
Event: 0.017 Loaded shared library C:\Program Files\Amazon Corretto\jdk17.0.10_7\bin\java.dll
Event: 1.043 Loaded shared library C:\Program Files\Amazon Corretto\jdk17.0.10_7\bin\jsvml.dll
Event: 1.523 Loaded shared library C:\Program Files\Amazon Corretto\jdk17.0.10_7\bin\zip.dll
Event: 1.551 Loaded shared library C:\Program Files\Amazon Corretto\jdk17.0.10_7\bin\instrument.dll
Event: 1.563 Loaded shared library C:\Program Files\Amazon Corretto\jdk17.0.10_7\bin\net.dll
Event: 1.565 Loaded shared library C:\Program Files\Amazon Corretto\jdk17.0.10_7\bin\nio.dll
Event: 1.572 Loaded shared library C:\Program Files\Amazon Corretto\jdk17.0.10_7\bin\zip.dll
Event: 2.547 Loaded shared library C:\Program Files\Amazon Corretto\jdk17.0.10_7\bin\jimage.dll
Event: 2.852 Loaded shared library C:\Program Files\Amazon Corretto\jdk17.0.10_7\bin\verify.dll
Event: 3.735 Loaded shared library C:\Users\Rencal\.gradle\native\c067742578af261105cb4f569cf0c3c89f3d7b1fecec35dd04571415982c5e48\windows-amd64\native-platform.dll
Event: 3.747 Loaded shared library C:\Users\Rencal\.gradle\native\38dada09dfb8b06ba9b0570ebf7e218e3eb74d4ef43ca46872605cf95ebc2f47\windows-amd64\native-platform-file-events.dll
Event: 6.735 Loaded shared library C:\Program Files\Amazon Corretto\jdk17.0.10_7\bin\management.dll
Event: 6.739 Loaded shared library C:\Program Files\Amazon Corretto\jdk17.0.10_7\bin\management_ext.dll
Event: 7.082 Loaded shared library C:\Program Files\Amazon Corretto\jdk17.0.10_7\bin\extnet.dll
Event: 7.366 Loaded shared library C:\Program Files\Amazon Corretto\jdk17.0.10_7\bin\sunmscapi.dll

Deoptimization events (20 events):
Event: 16.125 Thread 0x000001c16b8efa40 Uncommon trap: trap_request=0xffffffbe fr.pc=0x000001c14650bf2c relative=0x00000000000002ec
Event: 16.125 Thread 0x000001c16b8efa40 Uncommon trap: reason=profile_predicate action=maybe_recompile pc=0x000001c14650bf2c method=sun.instrument.TransformerManager.transform(Ljava/lang/Module;Ljava/lang/ClassLoader;Ljava/lang/String;Ljava/lang/Class;Ljava/security/ProtectionDomain;[B)[B @ 21 
Event: 16.125 Thread 0x000001c16b8efa40 DEOPT PACKING pc=0x000001c14650bf2c sp=0x0000001948cf7a80
Event: 16.125 Thread 0x000001c16b8efa40 DEOPT UNPACKING pc=0x000001c145e369a3 sp=0x0000001948cf7990 mode 2
Event: 16.127 Thread 0x000001c16b8efa40 Uncommon trap: trap_request=0xffffffbe fr.pc=0x000001c14650bf2c relative=0x00000000000002ec
Event: 16.127 Thread 0x000001c16b8efa40 Uncommon trap: reason=profile_predicate action=maybe_recompile pc=0x000001c14650bf2c method=sun.instrument.TransformerManager.transform(Ljava/lang/Module;Ljava/lang/ClassLoader;Ljava/lang/String;Ljava/lang/Class;Ljava/security/ProtectionDomain;[B)[B @ 21 
Event: 16.127 Thread 0x000001c16b8efa40 DEOPT PACKING pc=0x000001c14650bf2c sp=0x0000001948cf63b0
Event: 16.127 Thread 0x000001c16b8efa40 DEOPT UNPACKING pc=0x000001c145e369a3 sp=0x0000001948cf62c0 mode 2
Event: 16.134 Thread 0x000001c16b8efa40 Uncommon trap: trap_request=0xffffffbe fr.pc=0x000001c14650bf2c relative=0x00000000000002ec
Event: 16.134 Thread 0x000001c16b8efa40 Uncommon trap: reason=profile_predicate action=maybe_recompile pc=0x000001c14650bf2c method=sun.instrument.TransformerManager.transform(Ljava/lang/Module;Ljava/lang/ClassLoader;Ljava/lang/String;Ljava/lang/Class;Ljava/security/ProtectionDomain;[B)[B @ 21 
Event: 16.134 Thread 0x000001c16b8efa40 DEOPT PACKING pc=0x000001c14650bf2c sp=0x0000001948cf4ad0
Event: 16.134 Thread 0x000001c16b8efa40 DEOPT UNPACKING pc=0x000001c145e369a3 sp=0x0000001948cf49e0 mode 2
Event: 16.179 Thread 0x000001c16b8efa40 Uncommon trap: trap_request=0xffffffc6 fr.pc=0x000001c1465995f0 relative=0x0000000000000b70
Event: 16.179 Thread 0x000001c16b8efa40 Uncommon trap: reason=bimorphic_or_optimized_type_check action=maybe_recompile pc=0x000001c1465995f0 method=org.codehaus.groovy.runtime.metaclass.MetaMethodIndex.isOverridden(Lgroovy/lang/MetaMethod;Lgroovy/lang/MetaMethod;)Z @ 56 c2
Event: 16.179 Thread 0x000001c16b8efa40 DEOPT PACKING pc=0x000001c1465995f0 sp=0x0000001948cf6f80
Event: 16.179 Thread 0x000001c16b8efa40 DEOPT UNPACKING pc=0x000001c145e369a3 sp=0x0000001948cf6ee8 mode 2
Event: 16.185 Thread 0x000001c16b8efa40 Uncommon trap: trap_request=0xffffffc6 fr.pc=0x000001c1465995f0 relative=0x0000000000000b70
Event: 16.185 Thread 0x000001c16b8efa40 Uncommon trap: reason=bimorphic_or_optimized_type_check action=maybe_recompile pc=0x000001c1465995f0 method=org.codehaus.groovy.runtime.metaclass.MetaMethodIndex.isOverridden(Lgroovy/lang/MetaMethod;Lgroovy/lang/MetaMethod;)Z @ 56 c2
Event: 16.185 Thread 0x000001c16b8efa40 DEOPT PACKING pc=0x000001c1465995f0 sp=0x0000001948cf7040
Event: 16.185 Thread 0x000001c16b8efa40 DEOPT UNPACKING pc=0x000001c145e369a3 sp=0x0000001948cf6fa8 mode 2

Classes unloaded (0 events):
No events

Classes redefined (0 events):
No events

Internal exceptions (20 events):
Event: 16.152 Thread 0x000001c16b8efa40 Exception <a 'java/lang/ClassNotFoundException'{0x00000000e9f78f20}: org/gradle/jvm/toolchain/internal/DefaultToolchainSpecBeanInfo> (0x00000000e9f78f20) 
thrown [s\src\hotspot\share\classfile\systemDictionary.cpp, line 256]
Event: 16.153 Thread 0x000001c16b8efa40 Exception <a 'java/lang/ClassNotFoundException'{0x00000000e9f919e0}: org/gradle/jvm/toolchain/internal/DefaultToolchainSpecCustomizer> (0x00000000e9f919e0) 
thrown [s\src\hotspot\share\classfile\systemDictionary.cpp, line 256]
Event: 16.155 Thread 0x000001c16b8efa40 Exception <a 'java/lang/ClassNotFoundException'{0x00000000e9fb3e60}: org/gradle/jvm/toolchain/internal/DefaultToolchainSpec_DecoratedCustomizer> (0x00000000e9fb3e60) 
thrown [s\src\hotspot\share\classfile\systemDictionary.cpp, line 256]
Event: 16.160 Thread 0x000001c16b8efa40 Exception <a 'java/lang/ClassNotFoundException'{0x00000000e9e00318}: org/gradle/api/internal/NamedDomainObjectContainerConfigureDelegateBeanInfo> (0x00000000e9e00318) 
thrown [s\src\hotspot\share\classfile\systemDictionary.cpp, line 256]
Event: 16.161 Thread 0x000001c16b8efa40 Exception <a 'java/lang/ClassNotFoundException'{0x00000000e9e12378}: org/gradle/api/internal/NamedDomainObjectContainerConfigureDelegateCustomizer> (0x00000000e9e12378) 
thrown [s\src\hotspot\share\classfile\systemDictionary.cpp, line 256]
Event: 16.190 Thread 0x000001c16b8efa40 Exception <a 'java/lang/ClassNotFoundException'{0x00000000e9bf4b40}: org/gradle/api/internal/artifacts/configurations/DefaultConfigurationContainer_DecoratedBeanInfo> (0x00000000e9bf4b40) 
thrown [s\src\hotspot\share\classfile\systemDictionary.cpp, line 256]
Event: 16.191 Thread 0x000001c16b8efa40 Exception <a 'java/lang/ClassNotFoundException'{0x00000000e9a0bdf8}: org/gradle/api/internal/artifacts/configurations/DefaultConfigurationContainerBeanInfo> (0x00000000e9a0bdf8) 
thrown [s\src\hotspot\share\classfile\systemDictionary.cpp, line 256]
Event: 16.192 Thread 0x000001c16b8efa40 Exception <a 'java/lang/ClassNotFoundException'{0x00000000e9a1fb30}: org/gradle/api/internal/AbstractValidatingNamedDomainObjectContainerBeanInfo> (0x00000000e9a1fb30) 
thrown [s\src\hotspot\share\classfile\systemDictionary.cpp, line 256]
Event: 16.194 Thread 0x000001c16b8efa40 Exception <a 'java/lang/ClassNotFoundException'{0x00000000e9a336a8}: org/gradle/api/internal/AbstractNamedDomainObjectContainerBeanInfo> (0x00000000e9a336a8) 
thrown [s\src\hotspot\share\classfile\systemDictionary.cpp, line 256]
Event: 16.195 Thread 0x000001c16b8efa40 Exception <a 'java/lang/ClassNotFoundException'{0x00000000e9a47b48}: org/gradle/api/internal/DefaultNamedDomainObjectSetBeanInfo> (0x00000000e9a47b48) 
thrown [s\src\hotspot\share\classfile\systemDictionary.cpp, line 256]
Event: 16.196 Thread 0x000001c16b8efa40 Exception <a 'java/lang/ClassNotFoundException'{0x00000000e9a5c948}: org/gradle/api/internal/DefaultNamedDomainObjectCollectionBeanInfo> (0x00000000e9a5c948) 
thrown [s\src\hotspot\share\classfile\systemDictionary.cpp, line 256]
Event: 16.197 Thread 0x000001c16b8efa40 Exception <a 'java/lang/ClassNotFoundException'{0x00000000e9a72080}: org/gradle/api/internal/DefaultDomainObjectCollectionBeanInfo> (0x00000000e9a72080) 
thrown [s\src\hotspot\share\classfile\systemDictionary.cpp, line 256]
Event: 16.198 Thread 0x000001c16b8efa40 Exception <a 'java/lang/ClassNotFoundException'{0x00000000e9a79cf8}: java/util/AbstractCollectionBeanInfo> (0x00000000e9a79cf8) 
thrown [s\src\hotspot\share\classfile\systemDictionary.cpp, line 256]
Event: 16.198 Thread 0x000001c16b8efa40 Exception <a 'java/lang/ClassNotFoundException'{0x00000000e9a81ec0}: java/util/AbstractCollectionCustomizer> (0x00000000e9a81ec0) 
thrown [s\src\hotspot\share\classfile\systemDictionary.cpp, line 256]
Event: 16.201 Thread 0x000001c16b8efa40 Exception <a 'java/lang/ClassNotFoundException'{0x00000000e9aa0938}: org/gradle/api/internal/DefaultDomainObjectCollectionCustomizer> (0x00000000e9aa0938) 
thrown [s\src\hotspot\share\classfile\systemDictionary.cpp, line 256]
Event: 16.205 Thread 0x000001c16b8efa40 Exception <a 'java/lang/ClassNotFoundException'{0x00000000e9ad5850}: org/gradle/api/internal/DefaultNamedDomainObjectCollectionCustomizer> (0x00000000e9ad5850) 
thrown [s\src\hotspot\share\classfile\systemDictionary.cpp, line 256]
Event: 16.209 Thread 0x000001c16b8efa40 Exception <a 'java/lang/ClassNotFoundException'{0x00000000e9911960}: org/gradle/api/internal/DefaultNamedDomainObjectSetCustomizer> (0x00000000e9911960) 
thrown [s\src\hotspot\share\classfile\systemDictionary.cpp, line 256]
Event: 16.213 Thread 0x000001c16b8efa40 Exception <a 'java/lang/ClassNotFoundException'{0x00000000e993ec40}: org/gradle/api/internal/AbstractNamedDomainObjectContainerCustomizer> (0x00000000e993ec40) 
thrown [s\src\hotspot\share\classfile\systemDictionary.cpp, line 256]
Event: 16.217 Thread 0x000001c16b8efa40 Exception <a 'java/lang/ClassNotFoundException'{0x00000000e9966130}: org/gradle/api/internal/AbstractValidatingNamedDomainObjectContainerCustomizer> (0x00000000e9966130) 
thrown [s\src\hotspot\share\classfile\systemDictionary.cpp, line 256]
Event: 16.219 Thread 0x000001c16b8efa40 Exception <a 'java/lang/ClassNotFoundException'{0x00000000e99885c8}: org/gradle/api/internal/artifacts/configurations/DefaultConfigurationContainerCustomizer> (0x00000000e99885c8) 
thrown [s\src\hotspot\share\classfile\systemDictionary.cpp, line 256]

VM Operations (20 events):
Event: 13.691 Executing VM operation: CollectForMetadataAllocation
Event: 13.702 Executing VM operation: CollectForMetadataAllocation done
Event: 13.765 Executing VM operation: CollectForMetadataAllocation
Event: 13.766 Executing VM operation: CollectForMetadataAllocation done
Event: 13.806 Executing VM operation: G1PauseRemark
Event: 13.810 Executing VM operation: G1PauseRemark done
Event: 13.828 Executing VM operation: G1PauseCleanup
Event: 13.828 Executing VM operation: G1PauseCleanup done
Event: 14.823 Executing VM operation: ICBufferFull
Event: 14.823 Executing VM operation: ICBufferFull done
Event: 15.367 Executing VM operation: ICBufferFull
Event: 15.367 Executing VM operation: ICBufferFull done
Event: 15.966 Executing VM operation: HandshakeAllThreads
Event: 15.966 Executing VM operation: HandshakeAllThreads done
Event: 16.062 Executing VM operation: HandshakeAllThreads
Event: 16.062 Executing VM operation: HandshakeAllThreads done
Event: 16.082 Executing VM operation: HandshakeAllThreads
Event: 16.082 Executing VM operation: HandshakeAllThreads done
Event: 16.110 Executing VM operation: ICBufferFull
Event: 16.110 Executing VM operation: ICBufferFull done

Events (20 events):
Event: 16.091 Thread 0x000001c151a28200 flushing nmethod 0x000001c13f0e1790
Event: 16.091 Thread 0x000001c151a28200 flushing nmethod 0x000001c13f0e3190
Event: 16.091 Thread 0x000001c151a28200 flushing nmethod 0x000001c13f0e3d90
Event: 16.091 Thread 0x000001c151a28200 flushing nmethod 0x000001c13f0e5310
Event: 16.091 Thread 0x000001c151a28200 flushing nmethod 0x000001c13f0e5810
Event: 16.091 Thread 0x000001c151a28200 flushing nmethod 0x000001c13f0e5b90
Event: 16.091 Thread 0x000001c151a28200 flushing nmethod 0x000001c13f0e7410
Event: 16.091 Thread 0x000001c151a28200 flushing nmethod 0x000001c13f108d10
Event: 16.091 Thread 0x000001c151a28200 flushing nmethod 0x000001c13f187e90
Event: 16.093 Thread 0x000001c151a28200 flushing nmethod 0x000001c13f275290
Event: 16.197 loading class java/util/AbstractCollectionBeanInfo
Event: 16.197 loading class java/util/AbstractCollectionBeanInfo done
Event: 16.198 loading class java/util/AbstractCollectionBeanInfo
Event: 16.198 loading class java/util/AbstractCollectionBeanInfo done
Event: 16.198 loading class java/util/AbstractCollectionCustomizer
Event: 16.198 loading class java/util/AbstractCollectionCustomizer done
Event: 16.198 loading class java/util/AbstractCollectionCustomizer
Event: 16.198 loading class java/util/AbstractCollectionCustomizer done
Event: 16.199 loading class sun/reflect/generics/reflectiveObjects/GenericArrayTypeImpl
Event: 16.199 loading class sun/reflect/generics/reflectiveObjects/GenericArrayTypeImpl done


Dynamic libraries:
0x00007ff7c9bb0000 - 0x00007ff7c9bbe000 	C:\Program Files\Amazon Corretto\jdk17.0.10_7\bin\java.exe
0x00007ffdac3d0000 - 0x00007ffdac5e7000 	C:\WINDOWS\SYSTEM32\ntdll.dll
0x00007ffdaa760000 - 0x00007ffdaa824000 	C:\WINDOWS\System32\KERNEL32.DLL
0x00007ffda9b10000 - 0x00007ffda9ebd000 	C:\WINDOWS\System32\KERNELBASE.dll
0x00007ffda9fe0000 - 0x00007ffdaa0f1000 	C:\WINDOWS\System32\ucrtbase.dll
0x00007ffd8bc10000 - 0x00007ffd8bc27000 	C:\Program Files\Amazon Corretto\jdk17.0.10_7\bin\jli.dll
0x00007ffdabd10000 - 0x00007ffdabec0000 	C:\WINDOWS\System32\USER32.dll
0x00007ffda9ae0000 - 0x00007ffda9b06000 	C:\WINDOWS\System32\win32u.dll
0x00007ffdabfa0000 - 0x00007ffdabfc9000 	C:\WINDOWS\System32\GDI32.dll
0x00007ffda9ec0000 - 0x00007ffda9fd9000 	C:\WINDOWS\System32\gdi32full.dll
0x00007ffda9860000 - 0x00007ffda98fa000 	C:\WINDOWS\System32\msvcp_win.dll
0x00007ffd83930000 - 0x00007ffd8394b000 	C:\Program Files\Amazon Corretto\jdk17.0.10_7\bin\VCRUNTIME140.dll
0x00007ffda8a20000 - 0x00007ffda8cb3000 	C:\WINDOWS\WinSxS\amd64_microsoft.windows.common-controls_6595b64144ccf1df_6.0.22621.3646_none_27105dd3738543d4\COMCTL32.dll
0x00007ffdaa830000 - 0x00007ffdaa8d7000 	C:\WINDOWS\System32\msvcrt.dll
0x00007ffdab160000 - 0x00007ffdab191000 	C:\WINDOWS\System32\IMM32.DLL
0x00007ffd8f720000 - 0x00007ffd8f72c000 	C:\Program Files\Amazon Corretto\jdk17.0.10_7\bin\vcruntime140_1.dll
0x00007ffd5a670000 - 0x00007ffd5a6fd000 	C:\Program Files\Amazon Corretto\jdk17.0.10_7\bin\msvcp140.dll
0x00007ffd101d0000 - 0x00007ffd10e32000 	C:\Program Files\Amazon Corretto\jdk17.0.10_7\bin\server\jvm.dll
0x00007ffdab5d0000 - 0x00007ffdab682000 	C:\WINDOWS\System32\ADVAPI32.dll
0x00007ffdab8d0000 - 0x00007ffdab979000 	C:\WINDOWS\System32\sechost.dll
0x00007ffda9830000 - 0x00007ffda9858000 	C:\WINDOWS\System32\bcrypt.dll
0x00007ffdabfd0000 - 0x00007ffdac0e4000 	C:\WINDOWS\System32\RPCRT4.dll
0x00007ffda9230000 - 0x00007ffda927d000 	C:\WINDOWS\SYSTEM32\POWRPROF.dll
0x00007ffd9f4a0000 - 0x00007ffd9f4a9000 	C:\WINDOWS\SYSTEM32\WSOCK32.dll
0x00007ffdaa100000 - 0x00007ffdaa171000 	C:\WINDOWS\System32\WS2_32.dll
0x00007ffda7a80000 - 0x00007ffda7a8a000 	C:\WINDOWS\SYSTEM32\VERSION.dll
0x00007ffd9f780000 - 0x00007ffd9f7b4000 	C:\WINDOWS\SYSTEM32\WINMM.dll
0x00007ffda8ea0000 - 0x00007ffda8eb3000 	C:\WINDOWS\SYSTEM32\UMPDC.dll
0x00007ffda7840000 - 0x00007ffda7858000 	C:\WINDOWS\SYSTEM32\kernel.appcore.dll
0x00007ffd8e240000 - 0x00007ffd8e24a000 	C:\Program Files\Amazon Corretto\jdk17.0.10_7\bin\jimage.dll
0x00007ffda8ff0000 - 0x00007ffda9222000 	C:\WINDOWS\SYSTEM32\DBGHELP.DLL
0x00007ffdab240000 - 0x00007ffdab5cd000 	C:\WINDOWS\System32\combase.dll
0x00007ffdabec0000 - 0x00007ffdabf97000 	C:\WINDOWS\System32\OLEAUT32.dll
0x00007ffda8ee0000 - 0x00007ffda8f12000 	C:\WINDOWS\SYSTEM32\dbgcore.DLL
0x00007ffda96f0000 - 0x00007ffda976b000 	C:\WINDOWS\System32\bcryptPrimitives.dll
0x00007ffd8c3a0000 - 0x00007ffd8c3ae000 	C:\Program Files\Amazon Corretto\jdk17.0.10_7\bin\instrument.dll
0x00007ffd74f60000 - 0x00007ffd74f85000 	C:\Program Files\Amazon Corretto\jdk17.0.10_7\bin\java.dll
0x00007ffd3e5b0000 - 0x00007ffd3e687000 	C:\Program Files\Amazon Corretto\jdk17.0.10_7\bin\jsvml.dll
0x00007ffdaa8e0000 - 0x00007ffdab147000 	C:\WINDOWS\System32\SHELL32.dll
0x00007ffda66d0000 - 0x00007ffda6fcd000 	C:\WINDOWS\SYSTEM32\windows.storage.dll
0x00007ffda6590000 - 0x00007ffda66cf000 	C:\WINDOWS\SYSTEM32\wintypes.dll
0x00007ffdac1d0000 - 0x00007ffdac2c9000 	C:\WINDOWS\System32\SHCORE.dll
0x00007ffdac0f0000 - 0x00007ffdac14e000 	C:\WINDOWS\System32\shlwapi.dll
0x00007ffda9620000 - 0x00007ffda9641000 	C:\WINDOWS\SYSTEM32\profapi.dll
0x00007ffd83910000 - 0x00007ffd83928000 	C:\Program Files\Amazon Corretto\jdk17.0.10_7\bin\zip.dll
0x00007ffd71ff0000 - 0x00007ffd72009000 	C:\Program Files\Amazon Corretto\jdk17.0.10_7\bin\net.dll
0x00007ffda0b50000 - 0x00007ffda0c86000 	C:\WINDOWS\SYSTEM32\WINHTTP.dll
0x00007ffda7cb0000 - 0x00007ffda7d19000 	C:\WINDOWS\system32\mswsock.dll
0x00007ffd71fd0000 - 0x00007ffd71fe6000 	C:\Program Files\Amazon Corretto\jdk17.0.10_7\bin\nio.dll
0x00007ffd8c360000 - 0x00007ffd8c370000 	C:\Program Files\Amazon Corretto\jdk17.0.10_7\bin\verify.dll
0x00007ffd8b540000 - 0x00007ffd8b567000 	C:\Users\Rencal\.gradle\native\c067742578af261105cb4f569cf0c3c89f3d7b1fecec35dd04571415982c5e48\windows-amd64\native-platform.dll
0x00007ffd0fb80000 - 0x00007ffd0fcc4000 	C:\Users\Rencal\.gradle\native\38dada09dfb8b06ba9b0570ebf7e218e3eb74d4ef43ca46872605cf95ebc2f47\windows-amd64\native-platform-file-events.dll
0x00007ffd8e5f0000 - 0x00007ffd8e5f9000 	C:\Program Files\Amazon Corretto\jdk17.0.10_7\bin\management.dll
0x00007ffd8e5e0000 - 0x00007ffd8e5eb000 	C:\Program Files\Amazon Corretto\jdk17.0.10_7\bin\management_ext.dll
0x00007ffdab230000 - 0x00007ffdab238000 	C:\WINDOWS\System32\PSAPI.DLL
0x00007ffda9380000 - 0x00007ffda939b000 	C:\WINDOWS\SYSTEM32\CRYPTSP.dll
0x00007ffda7790000 - 0x00007ffda77c5000 	C:\WINDOWS\system32\rsaenh.dll
0x00007ffda7db0000 - 0x00007ffda7dd8000 	C:\WINDOWS\SYSTEM32\USERENV.dll
0x00007ffda7f10000 - 0x00007ffda7f1c000 	C:\WINDOWS\SYSTEM32\CRYPTBASE.dll
0x00007ffda7220000 - 0x00007ffda724d000 	C:\WINDOWS\SYSTEM32\IPHLPAPI.DLL
0x00007ffdab8c0000 - 0x00007ffdab8c9000 	C:\WINDOWS\System32\NSI.dll
0x00007ffda0b30000 - 0x00007ffda0b49000 	C:\WINDOWS\SYSTEM32\dhcpcsvc6.DLL
0x00007ffda0b10000 - 0x00007ffda0b2f000 	C:\WINDOWS\SYSTEM32\dhcpcsvc.DLL
0x00007ffda7250000 - 0x00007ffda7348000 	C:\WINDOWS\SYSTEM32\DNSAPI.dll
0x00007ffd8e5d0000 - 0x00007ffd8e5d9000 	C:\Program Files\Amazon Corretto\jdk17.0.10_7\bin\extnet.dll
0x00007ffd8e5c0000 - 0x00007ffd8e5ce000 	C:\Program Files\Amazon Corretto\jdk17.0.10_7\bin\sunmscapi.dll
0x00007ffda9970000 - 0x00007ffda9ad7000 	C:\WINDOWS\System32\CRYPT32.dll
0x00007ffda8900000 - 0x00007ffda892e000 	C:\WINDOWS\SYSTEM32\ncrypt.dll
0x00007ffda88c0000 - 0x00007ffda88f7000 	C:\WINDOWS\SYSTEM32\NTASN1.dll
0x00007ffd72f30000 - 0x00007ffd72f38000 	C:\WINDOWS\system32\wshunix.dll

dbghelp: loaded successfully - version: 4.0.5 - missing functions: none
symbol engine: initialized successfully - sym options: 0x614 - pdb path: .;C:\Program Files\Amazon Corretto\jdk17.0.10_7\bin;C:\WINDOWS\SYSTEM32;C:\WINDOWS\WinSxS\amd64_microsoft.windows.common-controls_6595b64144ccf1df_6.0.22621.3646_none_27105dd3738543d4;C:\Program Files\Amazon Corretto\jdk17.0.10_7\bin\server;C:\Users\Rencal\.gradle\native\c067742578af261105cb4f569cf0c3c89f3d7b1fecec35dd04571415982c5e48\windows-amd64;C:\Users\Rencal\.gradle\native\38dada09dfb8b06ba9b0570ebf7e218e3eb74d4ef43ca46872605cf95ebc2f47\windows-amd64

VM Arguments:
jvm_args: --add-opens=java.base/java.util=ALL-UNNAMED --add-opens=java.base/java.lang=ALL-UNNAMED --add-opens=java.base/java.lang.invoke=ALL-UNNAMED --add-opens=java.prefs/java.util.prefs=ALL-UNNAMED --add-opens=java.base/java.nio.charset=ALL-UNNAMED --add-opens=java.base/java.net=ALL-UNNAMED --add-opens=java.base/java.util.concurrent.atomic=ALL-UNNAMED -XX:MaxMetaspaceSize=384m -XX:+HeapDumpOnOutOfMemoryError -Xms256m -Xmx512m -Dfile.encoding=UTF-8 -Duser.country=KR -Duser.language=ko -Duser.variant -javaagent:C:\Users\Rencal\.gradle\wrapper\dists\gradle-8.4-bin\1w5dpkrfk8irigvoxmyhowfim\gradle-8.4\lib\agents\gradle-instrumentation-agent-8.4.jar 
java_command: org.gradle.launcher.daemon.bootstrap.GradleDaemon 8.4
java_class_path (initial): C:\Users\Rencal\.gradle\wrapper\dists\gradle-8.4-bin\1w5dpkrfk8irigvoxmyhowfim\gradle-8.4\lib\gradle-launcher-8.4.jar
Launcher Type: SUN_STANDARD

[Global flags]
     intx CICompilerCount                          = 4                                         {product} {ergonomic}
   size_t CompressedClassSpaceSize                 = 335544320                                 {product} {ergonomic}
     uint ConcGCThreads                            = 2                                         {product} {ergonomic}
     uint G1ConcRefinementThreads                  = 8                                         {product} {ergonomic}
   size_t G1HeapRegionSize                         = 1048576                                   {product} {ergonomic}
    uintx GCDrainStackTargetSize                   = 64                                        {product} {ergonomic}
     bool HeapDumpOnOutOfMemoryError               = true                                   {manageable} {command line}
   size_t InitialHeapSize                          = 268435456                                 {product} {command line}
   size_t MarkStackSize                            = 4194304                                   {product} {ergonomic}
   size_t MaxHeapSize                              = 536870912                                 {product} {command line}
   size_t MaxMetaspaceSize                         = 402653184                                 {product} {command line}
   size_t MaxNewSize                               = 321912832                                 {product} {ergonomic}
   size_t MinHeapDeltaBytes                        = 1048576                                   {product} {ergonomic}
   size_t MinHeapSize                              = 268435456                                 {product} {command line}
    uintx NonNMethodCodeHeapSize                   = 5839372                                {pd product} {ergonomic}
    uintx NonProfiledCodeHeapSize                  = 122909434                              {pd product} {ergonomic}
    uintx ProfiledCodeHeapSize                     = 122909434                              {pd product} {ergonomic}
    uintx ReservedCodeCacheSize                    = 251658240                              {pd product} {ergonomic}
     bool SegmentedCodeCache                       = true                                      {product} {ergonomic}
   size_t SoftMaxHeapSize                          = 536870912                              {manageable} {ergonomic}
     bool UseCompressedClassPointers               = true                           {product lp64_product} {ergonomic}
     bool UseCompressedOops                        = true                           {product lp64_product} {ergonomic}
     bool UseG1GC                                  = true                                      {product} {ergonomic}
     bool UseLargePagesIndividualAllocation        = false                                  {pd product} {ergonomic}

Logging:
Log output configuration:
 #0: stdout all=warning uptime,level,tags
 #1: stderr all=off uptime,level,tags

Environment Variables:
JAVA_HOME=C:\Program Files\Amazon Corretto\jdk17.0.10_7
PATH=C:\Program Files\Amazon Corretto\jdk17.0.10_7\bin;C:\Windows\system32;C:\Windows;C:\Windows\System32\Wbem;C:\Windows\System32\WindowsPowerShell\v1.0\;C:\Windows\System32\OpenSSH\;C:\Program Files (x86)\NVIDIA Corporation\PhysX\Common;C:\Program Files\dotnet\;C:\Program Files\Amazon Corretto\jdk17.0.10_7\bin;C:\Program Files (x86)\Windows Live\Shared;C:\WINDOWS\system32;C:\WINDOWS;C:\WINDOWS\System32\Wbem;C:\WINDOWS\System32\WindowsPowerShell\v1.0\;C:\WINDOWS\System32\OpenSSH\;C:\Program Files\Amazon Corretto\jdk17.0.10_7\bin;C:\Program Files\Docker\Docker\resources\bin;C:\tools\Git\cmd;C:\Program Files\nodejs\;C:\Program Files\MySQL\MySQL Shell 8.0\bin\;C:\Users\Rencal\AppData\Local\Microsoft\WindowsApps;C:\Program Files\Bandizip\;C:\Users\Rencal\AppData\Local\Microsoft\WindowsApps;C:\Users\Rencal\AppData\Local\GitHubDesktop\bin;C:\Users\Rencal\AppData\Local\atom\bin;C:\Users\Rencal\AppData\Local\Programs\Microsoft VS Code\bin;C:\Program Files\JetBrains\IntelliJ IDEA 2023.3.5\bin;;C:\Users\Rencal\AppData\Roaming\npm
USERNAME=Rencal
LANG=ko_KR.UTF-8
OS=Windows_NT
PROCESSOR_IDENTIFIER=Intel64 Family 6 Model 142 Stepping 12, GenuineIntel
TMP=C:\Users\Rencal\AppData\Local\Temp
TEMP=C:\Users\Rencal\AppData\Local\Temp



Periodic native trim disabled


---------------  S Y S T E M  ---------------

OS:
 Windows 11 , 64 bit Build 22621 (10.0.22621.3646)
OS uptime: 1 days 7:45 hours
Hyper-V role detected

CPU: total 8 (initial active 8) (4 cores per cpu, 2 threads per core) family 6 model 142 stepping 12 microcode 0xde, cx8, cmov, fxsr, ht, mmx, 3dnowpref, sse, sse2, sse3, ssse3, sse4.1, sse4.2, popcnt, lzcnt, tsc, tscinvbit, avx, avx2, aes, erms, clmul, bmi1, bmi2, adx, fma, vzeroupper, clflush, clflushopt, hv
Processor Information for all 8 processors :
  Max Mhz: 2112, Current Mhz: 1609, Mhz Limit: 1605

Memory: 4k page, system-wide physical 16182M (1333M free)
TotalPageFile size 24374M (AvailPageFile size 11M)
current process WorkingSet (physical memory assigned to process): 355M, peak: 363M
current process commit charge ("private bytes"): 489M, peak: 500M

vm_info: OpenJDK 64-Bit Server VM (17.0.10+7-LTS) for windows-amd64 JRE (17.0.10+7-LTS), built on Jan 10 2024 22:11:07 by "Administrator" with MS VC++ 16.10 / 16.11 (VS2019)

END.
